{"contracts/Migrations.sol":{"l":{"8":0,"12":0,"16":0,"20":0,"21":0},"path":"/home/dev/work/MonoSwap/monoswap-core/contracts/Migrations.sol","s":{"1":0,"2":0,"3":0,"4":0,"5":0},"b":{"1":[0,0]},"f":{"1":0,"2":0,"3":0,"4":0},"fnMap":{"1":{"name":"constructor","line":7,"loc":{"start":{"line":7,"column":2},"end":{"line":9,"column":2}}},"2":{"name":"restricted","line":11,"loc":{"start":{"line":11,"column":2},"end":{"line":13,"column":2}}},"3":{"name":"setCompleted","line":15,"loc":{"start":{"line":15,"column":2},"end":{"line":17,"column":2}}},"4":{"name":"upgrade","line":19,"loc":{"start":{"line":19,"column":2},"end":{"line":22,"column":2}}}},"statementMap":{"1":{"start":{"line":8,"column":4},"end":{"line":8,"column":21}},"2":{"start":{"line":12,"column":4},"end":{"line":12,"column":30}},"3":{"start":{"line":16,"column":4},"end":{"line":16,"column":39}},"4":{"start":{"line":20,"column":4},"end":{"line":20,"column":49}},"5":{"start":{"line":21,"column":4},"end":{"line":21,"column":50}}},"branchMap":{"1":{"line":12,"type":"if","locations":[{"start":{"line":12,"column":4},"end":{"line":12,"column":4}},{"start":{"line":12,"column":4},"end":{"line":12,"column":4}}]}}},"contracts/MockERC20.sol":{"l":{"13":18},"path":"/home/dev/work/MonoSwap/monoswap-core/contracts/MockERC20.sol","s":{"1":18},"b":{},"f":{"1":18},"fnMap":{"1":{"name":"constructor","line":12,"loc":{"start":{"line":8,"column":4},"end":{"line":14,"column":4}}}},"statementMap":{"1":{"start":{"line":13,"column":8},"end":{"line":13,"column":32}}},"branchMap":{}},"contracts/Monoswap.sol":{"l":{"64":13,"65":13,"66":13,"67":13,"71":23,"72":23,"73":23,"74":23,"76":23,"77":23,"78":23,"83":6,"84":6,"108":6,"112":6,"116":0,"117":0,"121":0,"122":0,"128":18,"129":18,"133":2,"134":2,"139":13,"140":13,"141":13,"142":13,"153":13,"154":13,"159":12,"164":17,"165":17,"167":3,"170":3,"171":3,"179":17,"180":17,"181":17,"182":17,"184":17,"192":1,"193":1,"201":15,"203":15,"205":15,"206":15,"208":15,"209":15,"210":15,"211":15,"212":0,"215":15,"217":15,"218":13,"220":2,"223":15,"224":15,"226":15,"235":14,"243":17,"244":17,"246":17,"247":17,"249":17,"250":17,"251":17,"252":17,"260":2,"261":2,"262":2,"263":2,"264":2,"265":2,"266":2,"268":2,"269":2,"271":2,"272":0,"275":2,"276":0,"280":2,"282":2,"290":2,"291":2,"292":2,"293":2,"294":2,"296":2,"297":2,"298":2,"300":2,"301":2,"304":2,"306":2,"308":2,"310":2,"321":10,"323":5,"325":5,"339":4,"340":4,"351":2,"352":2,"358":5,"359":1,"360":0,"361":0,"363":1,"364":1,"367":4,"368":4,"375":7,"376":2,"377":0,"378":0,"380":2,"381":2,"384":5,"385":5,"392":27,"393":5,"394":5,"396":22,"397":22,"401":27,"402":27,"403":27,"405":27,"406":7,"408":7,"409":7,"410":7,"413":27,"414":5,"416":5,"417":5,"418":5,"421":27,"423":2,"430":10,"432":10,"433":10,"434":10,"436":10,"444":2,"446":2,"447":2,"449":2,"450":0,"451":0,"453":2,"455":2,"456":2,"457":2,"458":2,"459":2,"462":2,"465":2,"466":1,"467":1,"469":1,"471":1,"472":1,"473":1,"474":1,"476":1,"477":1,"479":1,"487":2,"489":2,"490":2,"491":2,"492":2,"494":2,"495":0,"497":2,"498":2,"499":2,"500":2,"503":2,"505":2,"508":2,"509":1,"511":1,"513":1,"517":2,"518":0,"520":0,"522":2,"523":2,"526":2,"528":2,"529":2,"530":2,"531":2,"538":4,"540":4,"541":4,"543":4,"544":0,"545":0,"547":4,"549":4,"550":4,"551":4,"553":4,"555":4,"557":4,"560":4,"561":1,"562":1,"564":3,"566":3,"567":3,"568":3,"570":3,"571":3,"572":3,"575":3,"583":4,"585":4,"586":0,"588":4,"589":4,"590":4,"591":4,"594":4,"596":4,"597":4,"598":4,"599":4,"601":4,"604":4,"605":0,"607":0,"609":4,"613":4,"614":1,"616":3,"617":3,"620":4,"622":4,"623":4,"624":4,"625":4},"path":"/home/dev/work/MonoSwap/monoswap-core/contracts/Monoswap.sol","s":{"1":13,"2":13,"3":13,"4":23,"5":23,"6":23,"7":23,"8":23,"9":23,"10":6,"11":6,"12":6,"13":0,"14":0,"15":0,"16":0,"17":18,"18":18,"19":2,"20":2,"21":13,"22":13,"23":13,"24":13,"25":13,"26":13,"27":12,"28":17,"29":17,"30":3,"31":3,"32":3,"33":17,"34":17,"35":17,"36":17,"37":17,"38":1,"39":1,"40":15,"41":15,"42":15,"43":15,"44":15,"45":15,"46":15,"47":15,"48":0,"49":15,"50":15,"51":13,"52":2,"53":15,"54":15,"55":15,"56":14,"57":17,"58":17,"59":17,"60":17,"61":17,"62":17,"63":17,"64":17,"65":2,"66":2,"67":2,"68":2,"69":2,"70":2,"71":2,"72":2,"73":2,"74":2,"75":0,"76":2,"77":0,"78":2,"79":2,"80":2,"81":2,"82":2,"83":2,"84":2,"85":2,"86":2,"87":2,"88":2,"89":2,"90":2,"91":2,"92":2,"93":2,"94":10,"95":5,"96":5,"97":4,"98":4,"99":2,"100":2,"101":5,"102":1,"103":0,"104":0,"105":1,"106":1,"107":4,"108":4,"109":7,"110":2,"111":0,"112":0,"113":2,"114":2,"115":5,"116":5,"117":27,"118":5,"119":5,"120":22,"121":22,"122":27,"123":27,"124":27,"125":27,"126":7,"127":7,"128":7,"129":7,"130":27,"131":5,"132":5,"133":5,"134":5,"135":27,"136":2,"137":10,"138":10,"139":10,"140":10,"141":10,"142":2,"143":2,"144":2,"145":2,"146":0,"147":0,"148":2,"149":2,"150":2,"151":2,"152":2,"153":2,"154":2,"155":2,"156":1,"157":1,"158":1,"159":1,"160":1,"161":1,"162":1,"163":1,"164":1,"165":1,"166":2,"167":2,"168":2,"169":2,"170":2,"171":2,"172":0,"173":2,"174":2,"175":2,"176":2,"177":2,"178":2,"179":2,"180":1,"181":1,"182":1,"183":2,"184":0,"185":0,"186":2,"187":2,"188":2,"189":4,"190":4,"191":4,"192":4,"193":0,"194":0,"195":4,"196":4,"197":4,"198":4,"199":4,"200":4,"201":4,"202":4,"203":1,"204":1,"205":3,"206":3,"207":3,"208":3,"209":3,"210":3,"211":3,"212":3,"213":4,"214":4,"215":0,"216":4,"217":4,"218":4,"219":4,"220":4,"221":4,"222":4,"223":4,"224":4,"225":4,"226":4,"227":0,"228":0,"229":4,"230":4,"231":1,"232":3,"233":3,"234":4},"b":{"1":[13,0],"2":[23,0],"3":[23,0],"4":[23,0],"5":[6,0],"6":[0,0],"7":[0,0],"8":[13,0],"9":[13,0],"10":[3,14],"11":[15,0],"12":[15,0],"13":[0,15],"14":[13,2],"15":[17,0],"16":[2,0],"17":[0,2],"18":[0,2],"19":[2,0],"20":[2,0],"21":[2,0],"22":[2,0],"23":[5,5],"24":[4,0],"25":[2,0],"26":[1,4],"27":[0,1],"28":[2,5],"29":[0,2],"30":[5,22],"31":[7,20],"32":[7,0],"33":[5,22],"34":[5,0],"35":[2,25],"36":[2,0],"37":[10,0],"38":[2,0],"39":[0,2],"40":[2,0],"41":[2,0],"42":[1,1],"43":[1,0],"44":[1,0],"45":[0,2],"46":[2,0],"47":[1,1],"48":[0,2],"49":[4,0],"50":[0,4],"51":[4,0],"52":[4,0],"53":[1,3],"54":[3,0],"55":[3,0],"56":[0,4],"57":[0,4],"58":[1,3]},"f":{"1":13,"2":23,"3":6,"4":6,"5":6,"6":0,"7":0,"8":18,"9":2,"10":13,"11":12,"12":17,"13":17,"14":1,"15":15,"16":14,"17":17,"18":2,"19":2,"20":10,"21":4,"22":2,"23":5,"24":7,"25":27,"26":10,"27":2,"28":2,"29":4,"30":4},"fnMap":{"1":{"name":"lock","line":63,"loc":{"start":{"line":63,"column":2},"end":{"line":68,"column":2}}},"2":{"name":"lockToken","line":70,"loc":{"start":{"line":70,"column":2},"end":{"line":80,"column":2}}},"3":{"name":"ensure","line":82,"loc":{"start":{"line":82,"column":2},"end":{"line":85,"column":2}}},"4":{"name":"constructor","line":107,"loc":{"start":{"line":107,"column":2},"end":{"line":109,"column":2}}},"5":{"name":"setFeeTo","line":111,"loc":{"start":{"line":111,"column":2},"end":{"line":113,"column":2}}},"6":{"name":"setFees","line":115,"loc":{"start":{"line":115,"column":2},"end":{"line":118,"column":2}}},"7":{"name":"setDevFee","line":120,"loc":{"start":{"line":120,"column":2},"end":{"line":123,"column":2}}},"8":{"name":"mint","line":127,"loc":{"start":{"line":127,"column":2},"end":{"line":130,"column":2}}},"9":{"name":"burn","line":132,"loc":{"start":{"line":132,"column":2},"end":{"line":135,"column":2}}},"10":{"name":"_createPool","line":138,"loc":{"start":{"line":138,"column":2},"end":{"line":155,"column":2}}},"11":{"name":"addOfficialToken","line":158,"loc":{"start":{"line":158,"column":2},"end":{"line":160,"column":2}}},"12":{"name":"_mintFee","line":163,"loc":{"start":{"line":163,"column":2},"end":{"line":174,"column":2}}},"13":{"name":"getPool","line":177,"loc":{"start":{"line":177,"column":2},"end":{"line":185,"column":2}}},"14":{"name":"listNewToken","line":188,"loc":{"start":{"line":188,"column":2},"end":{"line":194,"column":2}}},"15":{"name":"addLiquidityPair","line":197,"loc":{"start":{"line":197,"column":2},"end":{"line":231,"column":2}}},"16":{"name":"addLiquidity","line":234,"loc":{"start":{"line":234,"column":2},"end":{"line":236,"column":2}}},"17":{"name":"_syncPoolInfo","line":240,"loc":{"start":{"line":240,"column":2},"end":{"line":253,"column":2}}},"18":{"name":"_removeLiquidity","line":256,"loc":{"start":{"line":256,"column":2},"end":{"line":284,"column":2}}},"19":{"name":"removeLiquidity","line":287,"loc":{"start":{"line":287,"column":2},"end":{"line":316,"column":2}}},"20":{"name":"_getNewPrice","line":319,"loc":{"start":{"line":319,"column":2},"end":{"line":327,"column":2}}},"21":{"name":"swapExactTokenForToken","line":338,"loc":{"start":{"line":331,"column":2},"end":{"line":341,"column":2}}},"22":{"name":"swapTokenForExactToken","line":350,"loc":{"start":{"line":343,"column":2},"end":{"line":353,"column":2}}},"23":{"name":"vusdBalanceAdd","line":356,"loc":{"start":{"line":356,"column":2},"end":{"line":370,"column":2}}},"24":{"name":"vusdBalanceSub","line":373,"loc":{"start":{"line":373,"column":2},"end":{"line":387,"column":2}}},"25":{"name":"_updateVusdBalance","line":390,"loc":{"start":{"line":390,"column":2},"end":{"line":425,"column":2}}},"26":{"name":"_updateTokenInfo","line":428,"loc":{"start":{"line":428,"column":2},"end":{"line":438,"column":2}}},"27":{"name":"getAmountIn","line":441,"loc":{"start":{"line":441,"column":2},"end":{"line":481,"column":2}}},"28":{"name":"swapOut","line":485,"loc":{"start":{"line":484,"column":2},"end":{"line":532,"column":2}}},"29":{"name":"getAmountOut","line":535,"loc":{"start":{"line":535,"column":2},"end":{"line":577,"column":2}}},"30":{"name":"swapIn","line":581,"loc":{"start":{"line":580,"column":2},"end":{"line":626,"column":2}}}},"statementMap":{"1":{"start":{"line":64,"column":4},"end":{"line":64,"column":45}},"2":{"start":{"line":65,"column":4},"end":{"line":65,"column":15}},"3":{"start":{"line":67,"column":4},"end":{"line":67,"column":15}},"4":{"start":{"line":71,"column":4},"end":{"line":71,"column":45}},"5":{"start":{"line":72,"column":4},"end":{"line":72,"column":53}},"6":{"start":{"line":73,"column":4},"end":{"line":73,"column":1898}},"7":{"start":{"line":74,"column":6},"end":{"line":74,"column":28}},"8":{"start":{"line":77,"column":4},"end":{"line":77,"column":1973}},"9":{"start":{"line":78,"column":6},"end":{"line":78,"column":28}},"10":{"start":{"line":83,"column":4},"end":{"line":83,"column":60}},"11":{"start":{"line":108,"column":4},"end":{"line":108,"column":15}},"12":{"start":{"line":112,"column":4},"end":{"line":112,"column":17}},"13":{"start":{"line":116,"column":4},"end":{"line":116,"column":39}},"14":{"start":{"line":117,"column":4},"end":{"line":117,"column":15}},"15":{"start":{"line":121,"column":4},"end":{"line":121,"column":43}},"16":{"start":{"line":122,"column":4},"end":{"line":122,"column":19}},"17":{"start":{"line":128,"column":4},"end":{"line":128,"column":46}},"18":{"start":{"line":129,"column":4},"end":{"line":129,"column":33}},"19":{"start":{"line":133,"column":4},"end":{"line":133,"column":46}},"20":{"start":{"line":134,"column":4},"end":{"line":134,"column":29}},"21":{"start":{"line":139,"column":4},"end":{"line":139,"column":64}},"22":{"start":{"line":140,"column":4},"end":{"line":140,"column":71}},"23":{"start":{"line":141,"column":4},"end":{"line":141,"column":18}},"24":{"start":{"line":142,"column":4},"end":{"line":142,"column":3774}},"25":{"start":{"line":153,"column":4},"end":{"line":153,"column":25}},"26":{"start":{"line":154,"column":4},"end":{"line":154,"column":28}},"27":{"start":{"line":159,"column":4},"end":{"line":159,"column":58}},"28":{"start":{"line":164,"column":4},"end":{"line":164,"column":43}},"29":{"start":{"line":165,"column":4},"end":{"line":165,"column":4445}},"30":{"start":{"line":167,"column":6},"end":{"line":167,"column":59}},"31":{"start":{"line":170,"column":6},"end":{"line":170,"column":110}},"32":{"start":{"line":171,"column":6},"end":{"line":171,"column":35}},"33":{"start":{"line":179,"column":4},"end":{"line":179,"column":40}},"34":{"start":{"line":180,"column":4},"end":{"line":180,"column":31}},"35":{"start":{"line":181,"column":4},"end":{"line":181,"column":27}},"36":{"start":{"line":182,"column":4},"end":{"line":182,"column":71}},"37":{"start":{"line":184,"column":4},"end":{"line":184,"column":66}},"38":{"start":{"line":192,"column":4},"end":{"line":192,"column":56}},"39":{"start":{"line":193,"column":4},"end":{"line":193,"column":68}},"40":{"start":{"line":201,"column":4},"end":{"line":201,"column":50}},"41":{"start":{"line":203,"column":4},"end":{"line":203,"column":59}},"42":{"start":{"line":205,"column":4},"end":{"line":205,"column":46}},"43":{"start":{"line":206,"column":4},"end":{"line":206,"column":40}},"44":{"start":{"line":208,"column":4},"end":{"line":208,"column":52}},"45":{"start":{"line":209,"column":4},"end":{"line":209,"column":48}},"46":{"start":{"line":210,"column":4},"end":{"line":210,"column":74}},"47":{"start":{"line":211,"column":4},"end":{"line":211,"column":6334}},"48":{"start":{"line":212,"column":6},"end":{"line":212,"column":65}},"49":{"start":{"line":215,"column":4},"end":{"line":215,"column":81}},"50":{"start":{"line":217,"column":4},"end":{"line":217,"column":6521}},"51":{"start":{"line":218,"column":6},"end":{"line":218,"column":58}},"52":{"start":{"line":220,"column":6},"end":{"line":220,"column":68}},"53":{"start":{"line":223,"column":4},"end":{"line":223,"column":32}},"54":{"start":{"line":224,"column":4},"end":{"line":224,"column":39}},"55":{"start":{"line":226,"column":4},"end":{"line":226,"column":6807}},"56":{"start":{"line":235,"column":4},"end":{"line":235,"column":55}},"57":{"start":{"line":243,"column":4},"end":{"line":243,"column":48}},"58":{"start":{"line":244,"column":4},"end":{"line":244,"column":71}},"59":{"start":{"line":246,"column":4},"end":{"line":246,"column":66}},"60":{"start":{"line":247,"column":4},"end":{"line":247,"column":64}},"61":{"start":{"line":249,"column":4},"end":{"line":249,"column":51}},"62":{"start":{"line":250,"column":4},"end":{"line":250,"column":53}},"63":{"start":{"line":251,"column":4},"end":{"line":251,"column":66}},"64":{"start":{"line":252,"column":4},"end":{"line":252,"column":42}},"65":{"start":{"line":260,"column":4},"end":{"line":260,"column":48}},"66":{"start":{"line":261,"column":4},"end":{"line":261,"column":33}},"67":{"start":{"line":262,"column":4},"end":{"line":262,"column":22}},"68":{"start":{"line":263,"column":4},"end":{"line":263,"column":20}},"69":{"start":{"line":264,"column":4},"end":{"line":264,"column":40}},"70":{"start":{"line":265,"column":4},"end":{"line":265,"column":77}},"71":{"start":{"line":266,"column":4},"end":{"line":266,"column":48}},"72":{"start":{"line":268,"column":4},"end":{"line":268,"column":84}},"73":{"start":{"line":269,"column":4},"end":{"line":269,"column":66}},"74":{"start":{"line":271,"column":4},"end":{"line":271,"column":8717}},"75":{"start":{"line":272,"column":6},"end":{"line":272,"column":62}},"76":{"start":{"line":275,"column":4},"end":{"line":275,"column":8835}},"77":{"start":{"line":276,"column":6},"end":{"line":276,"column":83}},"78":{"start":{"line":280,"column":4},"end":{"line":280,"column":58}},"79":{"start":{"line":282,"column":4},"end":{"line":282,"column":61}},"80":{"start":{"line":290,"column":4},"end":{"line":290,"column":68}},"81":{"start":{"line":291,"column":4},"end":{"line":291,"column":40}},"82":{"start":{"line":292,"column":4},"end":{"line":292,"column":21}},"83":{"start":{"line":293,"column":4},"end":{"line":293,"column":23}},"84":{"start":{"line":294,"column":4},"end":{"line":294,"column":88}},"85":{"start":{"line":296,"column":4},"end":{"line":296,"column":52}},"86":{"start":{"line":297,"column":4},"end":{"line":297,"column":68}},"87":{"start":{"line":298,"column":4},"end":{"line":298,"column":78}},"88":{"start":{"line":300,"column":4},"end":{"line":300,"column":9832}},"89":{"start":{"line":301,"column":6},"end":{"line":301,"column":27}},"90":{"start":{"line":304,"column":4},"end":{"line":304,"column":44}},"91":{"start":{"line":306,"column":4},"end":{"line":306,"column":34}},"92":{"start":{"line":308,"column":4},"end":{"line":308,"column":36}},"93":{"start":{"line":310,"column":4},"end":{"line":310,"column":10045}},"94":{"start":{"line":321,"column":4},"end":{"line":321,"column":10327}},"95":{"start":{"line":323,"column":6},"end":{"line":323,"column":60}},"96":{"start":{"line":325,"column":6},"end":{"line":325,"column":63}},"97":{"start":{"line":339,"column":4},"end":{"line":339,"column":54}},"98":{"start":{"line":340,"column":4},"end":{"line":340,"column":77}},"99":{"start":{"line":351,"column":4},"end":{"line":351,"column":55}},"100":{"start":{"line":352,"column":4},"end":{"line":352,"column":71}},"101":{"start":{"line":358,"column":4},"end":{"line":358,"column":11566}},"102":{"start":{"line":359,"column":6},"end":{"line":359,"column":11588}},"103":{"start":{"line":360,"column":8},"end":{"line":360,"column":19}},"104":{"start":{"line":361,"column":8},"end":{"line":361,"column":46}},"105":{"start":{"line":363,"column":8},"end":{"line":363,"column":21}},"106":{"start":{"line":364,"column":8},"end":{"line":364,"column":31}},"107":{"start":{"line":367,"column":6},"end":{"line":367,"column":36}},"108":{"start":{"line":368,"column":6},"end":{"line":368,"column":17}},"109":{"start":{"line":375,"column":4},"end":{"line":375,"column":12038}},"110":{"start":{"line":376,"column":6},"end":{"line":376,"column":12062}},"111":{"start":{"line":377,"column":8},"end":{"line":377,"column":21}},"112":{"start":{"line":378,"column":8},"end":{"line":378,"column":33}},"113":{"start":{"line":380,"column":8},"end":{"line":380,"column":35}},"114":{"start":{"line":381,"column":8},"end":{"line":381,"column":19}},"115":{"start":{"line":384,"column":6},"end":{"line":384,"column":19}},"116":{"start":{"line":385,"column":6},"end":{"line":385,"column":32}},"117":{"start":{"line":392,"column":4},"end":{"line":392,"column":12497}},"118":{"start":{"line":393,"column":6},"end":{"line":393,"column":33}},"119":{"start":{"line":394,"column":6},"end":{"line":394,"column":17}},"120":{"start":{"line":396,"column":6},"end":{"line":396,"column":34}},"121":{"start":{"line":397,"column":6},"end":{"line":397,"column":16}},"122":{"start":{"line":401,"column":4},"end":{"line":401,"column":51}},"123":{"start":{"line":402,"column":4},"end":{"line":402,"column":47}},"124":{"start":{"line":403,"column":4},"end":{"line":403,"column":49}},"125":{"start":{"line":405,"column":4},"end":{"line":405,"column":12870}},"126":{"start":{"line":406,"column":6},"end":{"line":406,"column":12937}},"127":{"start":{"line":408,"column":6},"end":{"line":408,"column":80}},"128":{"start":{"line":409,"column":6},"end":{"line":409,"column":52}},"129":{"start":{"line":410,"column":6},"end":{"line":410,"column":48}},"130":{"start":{"line":413,"column":4},"end":{"line":413,"column":13194}},"131":{"start":{"line":414,"column":6},"end":{"line":414,"column":13259}},"132":{"start":{"line":416,"column":6},"end":{"line":416,"column":80}},"133":{"start":{"line":417,"column":6},"end":{"line":417,"column":52}},"134":{"start":{"line":418,"column":6},"end":{"line":418,"column":48}},"135":{"start":{"line":421,"column":4},"end":{"line":421,"column":13516}},"136":{"start":{"line":423,"column":6},"end":{"line":423,"column":91}},"137":{"start":{"line":430,"column":4},"end":{"line":430,"column":62}},"138":{"start":{"line":432,"column":4},"end":{"line":432,"column":72}},"139":{"start":{"line":433,"column":4},"end":{"line":433,"column":49}},"140":{"start":{"line":434,"column":4},"end":{"line":434,"column":40}},"141":{"start":{"line":436,"column":4},"end":{"line":436,"column":48}},"142":{"start":{"line":444,"column":4},"end":{"line":444,"column":64}},"143":{"start":{"line":446,"column":4},"end":{"line":446,"column":58}},"144":{"start":{"line":447,"column":4},"end":{"line":447,"column":39}},"145":{"start":{"line":449,"column":4},"end":{"line":449,"column":14604}},"146":{"start":{"line":450,"column":6},"end":{"line":450,"column":38}},"147":{"start":{"line":451,"column":6},"end":{"line":451,"column":25}},"148":{"start":{"line":453,"column":6},"end":{"line":453,"column":72}},"149":{"start":{"line":455,"column":6},"end":{"line":455,"column":60}},"150":{"start":{"line":456,"column":6},"end":{"line":456,"column":52}},"151":{"start":{"line":457,"column":6},"end":{"line":457,"column":66}},"152":{"start":{"line":458,"column":6},"end":{"line":458,"column":83}},"153":{"start":{"line":459,"column":6},"end":{"line":459,"column":15161}},"154":{"start":{"line":462,"column":6},"end":{"line":462,"column":62}},"155":{"start":{"line":465,"column":4},"end":{"line":465,"column":15326}},"156":{"start":{"line":466,"column":6},"end":{"line":466,"column":30}},"157":{"start":{"line":467,"column":6},"end":{"line":467,"column":24}},"158":{"start":{"line":469,"column":6},"end":{"line":469,"column":71}},"159":{"start":{"line":471,"column":6},"end":{"line":471,"column":58}},"160":{"start":{"line":472,"column":6},"end":{"line":472,"column":50}},"161":{"start":{"line":473,"column":6},"end":{"line":473,"column":64}},"162":{"start":{"line":474,"column":6},"end":{"line":474,"column":82}},"163":{"start":{"line":476,"column":6},"end":{"line":476,"column":82}},"164":{"start":{"line":477,"column":6},"end":{"line":477,"column":15960}},"165":{"start":{"line":479,"column":6},"end":{"line":479,"column":58}},"166":{"start":{"line":487,"column":4},"end":{"line":487,"column":26}},"167":{"start":{"line":489,"column":4},"end":{"line":489,"column":24}},"168":{"start":{"line":490,"column":4},"end":{"line":490,"column":25}},"169":{"start":{"line":491,"column":4},"end":{"line":491,"column":26}},"170":{"start":{"line":492,"column":4},"end":{"line":492,"column":102}},"171":{"start":{"line":494,"column":4},"end":{"line":494,"column":16562}},"172":{"start":{"line":495,"column":6},"end":{"line":495,"column":74}},"173":{"start":{"line":497,"column":6},"end":{"line":497,"column":67}},"174":{"start":{"line":498,"column":6},"end":{"line":498,"column":74}},"175":{"start":{"line":499,"column":6},"end":{"line":499,"column":67}},"176":{"start":{"line":500,"column":6},"end":{"line":500,"column":83}},"177":{"start":{"line":503,"column":4},"end":{"line":503,"column":54}},"178":{"start":{"line":505,"column":4},"end":{"line":505,"column":72}},"179":{"start":{"line":508,"column":4},"end":{"line":508,"column":17155}},"180":{"start":{"line":509,"column":6},"end":{"line":509,"column":44}},"181":{"start":{"line":511,"column":6},"end":{"line":511,"column":49}},"182":{"start":{"line":513,"column":6},"end":{"line":513,"column":86}},"183":{"start":{"line":517,"column":4},"end":{"line":517,"column":17459}},"184":{"start":{"line":518,"column":6},"end":{"line":518,"column":34}},"185":{"start":{"line":520,"column":6},"end":{"line":520,"column":54}},"186":{"start":{"line":522,"column":6},"end":{"line":522,"column":49}},"187":{"start":{"line":523,"column":6},"end":{"line":523,"column":88}},"188":{"start":{"line":526,"column":4},"end":{"line":526,"column":57}},"189":{"start":{"line":538,"column":4},"end":{"line":538,"column":63}},"190":{"start":{"line":540,"column":4},"end":{"line":540,"column":56}},"191":{"start":{"line":541,"column":4},"end":{"line":541,"column":39}},"192":{"start":{"line":543,"column":4},"end":{"line":543,"column":18440}},"193":{"start":{"line":544,"column":6},"end":{"line":544,"column":37}},"194":{"start":{"line":545,"column":6},"end":{"line":545,"column":24}},"195":{"start":{"line":547,"column":6},"end":{"line":547,"column":71}},"196":{"start":{"line":549,"column":6},"end":{"line":549,"column":58}},"197":{"start":{"line":550,"column":6},"end":{"line":550,"column":50}},"198":{"start":{"line":551,"column":6},"end":{"line":551,"column":64}},"199":{"start":{"line":553,"column":6},"end":{"line":553,"column":82}},"200":{"start":{"line":555,"column":6},"end":{"line":555,"column":18994}},"201":{"start":{"line":557,"column":6},"end":{"line":557,"column":60}},"202":{"start":{"line":560,"column":4},"end":{"line":560,"column":19152}},"203":{"start":{"line":561,"column":6},"end":{"line":561,"column":31}},"204":{"start":{"line":562,"column":6},"end":{"line":562,"column":25}},"205":{"start":{"line":564,"column":6},"end":{"line":564,"column":72}},"206":{"start":{"line":566,"column":6},"end":{"line":566,"column":60}},"207":{"start":{"line":567,"column":6},"end":{"line":567,"column":52}},"208":{"start":{"line":568,"column":6},"end":{"line":568,"column":66}},"209":{"start":{"line":570,"column":6},"end":{"line":570,"column":83}},"210":{"start":{"line":571,"column":6},"end":{"line":571,"column":84}},"211":{"start":{"line":572,"column":6},"end":{"line":572,"column":19795}},"212":{"start":{"line":575,"column":6},"end":{"line":575,"column":60}},"213":{"start":{"line":583,"column":4},"end":{"line":583,"column":26}},"214":{"start":{"line":585,"column":4},"end":{"line":585,"column":20207}},"215":{"start":{"line":586,"column":6},"end":{"line":586,"column":74}},"216":{"start":{"line":588,"column":6},"end":{"line":588,"column":67}},"217":{"start":{"line":589,"column":6},"end":{"line":589,"column":74}},"218":{"start":{"line":590,"column":6},"end":{"line":590,"column":67}},"219":{"start":{"line":591,"column":6},"end":{"line":591,"column":42}},"220":{"start":{"line":594,"column":4},"end":{"line":594,"column":54}},"221":{"start":{"line":596,"column":4},"end":{"line":596,"column":24}},"222":{"start":{"line":597,"column":4},"end":{"line":597,"column":25}},"223":{"start":{"line":598,"column":4},"end":{"line":598,"column":26}},"224":{"start":{"line":599,"column":4},"end":{"line":599,"column":103}},"225":{"start":{"line":601,"column":4},"end":{"line":601,"column":72}},"226":{"start":{"line":604,"column":4},"end":{"line":604,"column":20952}},"227":{"start":{"line":605,"column":6},"end":{"line":605,"column":44}},"228":{"start":{"line":607,"column":6},"end":{"line":607,"column":49}},"229":{"start":{"line":609,"column":6},"end":{"line":609,"column":86}},"230":{"start":{"line":613,"column":4},"end":{"line":613,"column":21262}},"231":{"start":{"line":614,"column":6},"end":{"line":614,"column":34}},"232":{"start":{"line":616,"column":6},"end":{"line":616,"column":49}},"233":{"start":{"line":617,"column":6},"end":{"line":617,"column":88}},"234":{"start":{"line":620,"column":4},"end":{"line":620,"column":57}}},"branchMap":{"1":{"line":64,"type":"if","locations":[{"start":{"line":64,"column":4},"end":{"line":64,"column":4}},{"start":{"line":64,"column":4},"end":{"line":64,"column":4}}]},"2":{"line":72,"type":"if","locations":[{"start":{"line":72,"column":4},"end":{"line":72,"column":4}},{"start":{"line":72,"column":4},"end":{"line":72,"column":4}}]},"3":{"line":73,"type":"if","locations":[{"start":{"line":73,"column":4},"end":{"line":73,"column":4}},{"start":{"line":73,"column":4},"end":{"line":73,"column":4}}]},"4":{"line":77,"type":"if","locations":[{"start":{"line":77,"column":4},"end":{"line":77,"column":4}},{"start":{"line":77,"column":4},"end":{"line":77,"column":4}}]},"5":{"line":83,"type":"if","locations":[{"start":{"line":83,"column":4},"end":{"line":83,"column":4}},{"start":{"line":83,"column":4},"end":{"line":83,"column":4}}]},"6":{"line":116,"type":"if","locations":[{"start":{"line":116,"column":4},"end":{"line":116,"column":4}},{"start":{"line":116,"column":4},"end":{"line":116,"column":4}}]},"7":{"line":121,"type":"if","locations":[{"start":{"line":121,"column":4},"end":{"line":121,"column":4}},{"start":{"line":121,"column":4},"end":{"line":121,"column":4}}]},"8":{"line":139,"type":"if","locations":[{"start":{"line":139,"column":4},"end":{"line":139,"column":4}},{"start":{"line":139,"column":4},"end":{"line":139,"column":4}}]},"9":{"line":140,"type":"if","locations":[{"start":{"line":140,"column":4},"end":{"line":140,"column":4}},{"start":{"line":140,"column":4},"end":{"line":140,"column":4}}]},"10":{"line":165,"type":"if","locations":[{"start":{"line":165,"column":4},"end":{"line":165,"column":4}},{"start":{"line":165,"column":4},"end":{"line":165,"column":4}}]},"11":{"line":201,"type":"if","locations":[{"start":{"line":201,"column":4},"end":{"line":201,"column":4}},{"start":{"line":201,"column":4},"end":{"line":201,"column":4}}]},"12":{"line":203,"type":"if","locations":[{"start":{"line":203,"column":4},"end":{"line":203,"column":4}},{"start":{"line":203,"column":4},"end":{"line":203,"column":4}}]},"13":{"line":211,"type":"if","locations":[{"start":{"line":211,"column":4},"end":{"line":211,"column":4}},{"start":{"line":211,"column":4},"end":{"line":211,"column":4}}]},"14":{"line":217,"type":"if","locations":[{"start":{"line":217,"column":4},"end":{"line":217,"column":4}},{"start":{"line":217,"column":4},"end":{"line":217,"column":4}}]},"15":{"line":249,"type":"if","locations":[{"start":{"line":249,"column":4},"end":{"line":249,"column":4}},{"start":{"line":249,"column":4},"end":{"line":249,"column":4}}]},"16":{"line":260,"type":"if","locations":[{"start":{"line":260,"column":4},"end":{"line":260,"column":4}},{"start":{"line":260,"column":4},"end":{"line":260,"column":4}}]},"17":{"line":271,"type":"if","locations":[{"start":{"line":271,"column":4},"end":{"line":271,"column":4}},{"start":{"line":271,"column":4},"end":{"line":271,"column":4}}]},"18":{"line":275,"type":"if","locations":[{"start":{"line":275,"column":4},"end":{"line":275,"column":4}},{"start":{"line":275,"column":4},"end":{"line":275,"column":4}}]},"19":{"line":290,"type":"if","locations":[{"start":{"line":290,"column":4},"end":{"line":290,"column":4}},{"start":{"line":290,"column":4},"end":{"line":290,"column":4}}]},"20":{"line":297,"type":"if","locations":[{"start":{"line":297,"column":4},"end":{"line":297,"column":4}},{"start":{"line":297,"column":4},"end":{"line":297,"column":4}}]},"21":{"line":298,"type":"if","locations":[{"start":{"line":298,"column":4},"end":{"line":298,"column":4}},{"start":{"line":298,"column":4},"end":{"line":298,"column":4}}]},"22":{"line":300,"type":"if","locations":[{"start":{"line":300,"column":4},"end":{"line":300,"column":4}},{"start":{"line":300,"column":4},"end":{"line":300,"column":4}}]},"23":{"line":321,"type":"if","locations":[{"start":{"line":321,"column":4},"end":{"line":321,"column":4}},{"start":{"line":321,"column":4},"end":{"line":321,"column":4}}]},"24":{"line":340,"type":"if","locations":[{"start":{"line":340,"column":4},"end":{"line":340,"column":4}},{"start":{"line":340,"column":4},"end":{"line":340,"column":4}}]},"25":{"line":352,"type":"if","locations":[{"start":{"line":352,"column":4},"end":{"line":352,"column":4}},{"start":{"line":352,"column":4},"end":{"line":352,"column":4}}]},"26":{"line":358,"type":"if","locations":[{"start":{"line":358,"column":4},"end":{"line":358,"column":4}},{"start":{"line":358,"column":4},"end":{"line":358,"column":4}}]},"27":{"line":359,"type":"if","locations":[{"start":{"line":359,"column":6},"end":{"line":359,"column":6}},{"start":{"line":359,"column":6},"end":{"line":359,"column":6}}]},"28":{"line":375,"type":"if","locations":[{"start":{"line":375,"column":4},"end":{"line":375,"column":4}},{"start":{"line":375,"column":4},"end":{"line":375,"column":4}}]},"29":{"line":376,"type":"if","locations":[{"start":{"line":376,"column":6},"end":{"line":376,"column":6}},{"start":{"line":376,"column":6},"end":{"line":376,"column":6}}]},"30":{"line":392,"type":"if","locations":[{"start":{"line":392,"column":4},"end":{"line":392,"column":4}},{"start":{"line":392,"column":4},"end":{"line":392,"column":4}}]},"31":{"line":405,"type":"if","locations":[{"start":{"line":405,"column":4},"end":{"line":405,"column":4}},{"start":{"line":405,"column":4},"end":{"line":405,"column":4}}]},"32":{"line":408,"type":"if","locations":[{"start":{"line":408,"column":6},"end":{"line":408,"column":6}},{"start":{"line":408,"column":6},"end":{"line":408,"column":6}}]},"33":{"line":413,"type":"if","locations":[{"start":{"line":413,"column":4},"end":{"line":413,"column":4}},{"start":{"line":413,"column":4},"end":{"line":413,"column":4}}]},"34":{"line":416,"type":"if","locations":[{"start":{"line":416,"column":6},"end":{"line":416,"column":6}},{"start":{"line":416,"column":6},"end":{"line":416,"column":6}}]},"35":{"line":421,"type":"if","locations":[{"start":{"line":421,"column":4},"end":{"line":421,"column":4}},{"start":{"line":421,"column":4},"end":{"line":421,"column":4}}]},"36":{"line":423,"type":"if","locations":[{"start":{"line":423,"column":6},"end":{"line":423,"column":6}},{"start":{"line":423,"column":6},"end":{"line":423,"column":6}}]},"37":{"line":432,"type":"if","locations":[{"start":{"line":432,"column":4},"end":{"line":432,"column":4}},{"start":{"line":432,"column":4},"end":{"line":432,"column":4}}]},"38":{"line":444,"type":"if","locations":[{"start":{"line":444,"column":4},"end":{"line":444,"column":4}},{"start":{"line":444,"column":4},"end":{"line":444,"column":4}}]},"39":{"line":449,"type":"if","locations":[{"start":{"line":449,"column":4},"end":{"line":449,"column":4}},{"start":{"line":449,"column":4},"end":{"line":449,"column":4}}]},"40":{"line":453,"type":"if","locations":[{"start":{"line":453,"column":6},"end":{"line":453,"column":6}},{"start":{"line":453,"column":6},"end":{"line":453,"column":6}}]},"41":{"line":458,"type":"if","locations":[{"start":{"line":458,"column":6},"end":{"line":458,"column":6}},{"start":{"line":458,"column":6},"end":{"line":458,"column":6}}]},"42":{"line":465,"type":"if","locations":[{"start":{"line":465,"column":4},"end":{"line":465,"column":4}},{"start":{"line":465,"column":4},"end":{"line":465,"column":4}}]},"43":{"line":469,"type":"if","locations":[{"start":{"line":469,"column":6},"end":{"line":469,"column":6}},{"start":{"line":469,"column":6},"end":{"line":469,"column":6}}]},"44":{"line":474,"type":"if","locations":[{"start":{"line":474,"column":6},"end":{"line":474,"column":6}},{"start":{"line":474,"column":6},"end":{"line":474,"column":6}}]},"45":{"line":494,"type":"if","locations":[{"start":{"line":494,"column":4},"end":{"line":494,"column":4}},{"start":{"line":494,"column":4},"end":{"line":494,"column":4}}]},"46":{"line":500,"type":"if","locations":[{"start":{"line":500,"column":6},"end":{"line":500,"column":6}},{"start":{"line":500,"column":6},"end":{"line":500,"column":6}}]},"47":{"line":508,"type":"if","locations":[{"start":{"line":508,"column":4},"end":{"line":508,"column":4}},{"start":{"line":508,"column":4},"end":{"line":508,"column":4}}]},"48":{"line":517,"type":"if","locations":[{"start":{"line":517,"column":4},"end":{"line":517,"column":4}},{"start":{"line":517,"column":4},"end":{"line":517,"column":4}}]},"49":{"line":538,"type":"if","locations":[{"start":{"line":538,"column":4},"end":{"line":538,"column":4}},{"start":{"line":538,"column":4},"end":{"line":538,"column":4}}]},"50":{"line":543,"type":"if","locations":[{"start":{"line":543,"column":4},"end":{"line":543,"column":4}},{"start":{"line":543,"column":4},"end":{"line":543,"column":4}}]},"51":{"line":547,"type":"if","locations":[{"start":{"line":547,"column":6},"end":{"line":547,"column":6}},{"start":{"line":547,"column":6},"end":{"line":547,"column":6}}]},"52":{"line":553,"type":"if","locations":[{"start":{"line":553,"column":6},"end":{"line":553,"column":6}},{"start":{"line":553,"column":6},"end":{"line":553,"column":6}}]},"53":{"line":560,"type":"if","locations":[{"start":{"line":560,"column":4},"end":{"line":560,"column":4}},{"start":{"line":560,"column":4},"end":{"line":560,"column":4}}]},"54":{"line":564,"type":"if","locations":[{"start":{"line":564,"column":6},"end":{"line":564,"column":6}},{"start":{"line":564,"column":6},"end":{"line":564,"column":6}}]},"55":{"line":570,"type":"if","locations":[{"start":{"line":570,"column":6},"end":{"line":570,"column":6}},{"start":{"line":570,"column":6},"end":{"line":570,"column":6}}]},"56":{"line":585,"type":"if","locations":[{"start":{"line":585,"column":4},"end":{"line":585,"column":4}},{"start":{"line":585,"column":4},"end":{"line":585,"column":4}}]},"57":{"line":604,"type":"if","locations":[{"start":{"line":604,"column":4},"end":{"line":604,"column":4}},{"start":{"line":604,"column":4},"end":{"line":604,"column":4}}]},"58":{"line":613,"type":"if","locations":[{"start":{"line":613,"column":4},"end":{"line":613,"column":4}},{"start":{"line":613,"column":4},"end":{"line":613,"column":4}}]}}},"contracts/VUSD.sol":{"l":{"8":3,"12":1},"path":"/home/dev/work/MonoSwap/monoswap-core/contracts/VUSD.sol","s":{"1":3,"2":1},"b":{},"f":{"1":3,"2":1},"fnMap":{"1":{"name":"mint","line":7,"loc":{"start":{"line":7,"column":1},"end":{"line":9,"column":1}}},"2":{"name":"burn","line":11,"loc":{"start":{"line":11,"column":1},"end":{"line":13,"column":1}}}},"statementMap":{"1":{"start":{"line":8,"column":2},"end":{"line":8,"column":23}},"2":{"start":{"line":12,"column":2},"end":{"line":12,"column":23}}},"branchMap":{}}}