{"contracts/Migrations.sol":{"l":{"8":0,"12":0,"16":0,"20":0,"21":0},"path":"/mnt/p/dev/option/rum/contracts/Migrations.sol","s":{"1":0,"2":0,"3":0,"4":0,"5":0},"b":{"1":[0,0]},"f":{"1":0,"2":0,"3":0,"4":0},"fnMap":{"1":{"name":"constructor","line":7,"loc":{"start":{"line":7,"column":2},"end":{"line":9,"column":2}}},"2":{"name":"restricted","line":11,"loc":{"start":{"line":11,"column":2},"end":{"line":13,"column":2}}},"3":{"name":"setCompleted","line":15,"loc":{"start":{"line":15,"column":2},"end":{"line":17,"column":2}}},"4":{"name":"upgrade","line":19,"loc":{"start":{"line":19,"column":2},"end":{"line":22,"column":2}}}},"statementMap":{"1":{"start":{"line":8,"column":4},"end":{"line":8,"column":21}},"2":{"start":{"line":12,"column":4},"end":{"line":12,"column":30}},"3":{"start":{"line":16,"column":4},"end":{"line":16,"column":39}},"4":{"start":{"line":20,"column":4},"end":{"line":20,"column":49}},"5":{"start":{"line":21,"column":4},"end":{"line":21,"column":50}}},"branchMap":{"1":{"line":12,"type":"if","locations":[{"start":{"line":12,"column":4},"end":{"line":12,"column":4}},{"start":{"line":12,"column":4},"end":{"line":12,"column":4}}]}}},"contracts/MockERC20.sol":{"l":{"13":45},"path":"/mnt/p/dev/option/rum/contracts/MockERC20.sol","s":{"1":45},"b":{},"f":{"1":45},"fnMap":{"1":{"name":"constructor","line":12,"loc":{"start":{"line":8,"column":4},"end":{"line":14,"column":4}}}},"statementMap":{"1":{"start":{"line":13,"column":8},"end":{"line":13,"column":32}}},"branchMap":{}},"contracts/Monoswap.sol":{"l":{"64":166,"65":166,"66":166,"67":166,"71":269,"72":269,"73":269,"74":269,"76":269,"77":269,"78":269,"83":78,"84":78,"88":15,"92":15,"97":191,"98":191,"102":15,"103":15,"107":166,"108":166,"109":166,"110":166,"121":166,"122":166,"126":150,"130":191,"131":191,"132":15,"133":15,"134":15,"141":191,"142":191,"143":191,"144":191,"146":191,"153":16,"154":16,"162":176,"164":176,"171":176,"172":176,"177":176,"178":176,"179":176,"180":176,"181":0,"184":176,"186":176,"187":176,"189":0,"192":176,"193":176,"198":160,"204":191,"205":191,"207":191,"208":191,"210":191,"211":191,"212":191,"219":15,"220":15,"221":15,"222":15,"223":15,"224":15,"225":15,"226":15,"227":15,"229":15,"230":0,"233":15,"234":0,"238":15,"240":15,"248":15,"249":15,"250":15,"251":15,"252":15,"254":15,"255":15,"256":15,"258":15,"259":15,"262":15,"264":15,"266":15,"272":126,"274":63,"276":63,"284":47,"286":47,"288":47,"289":0,"290":0,"292":47,"293":47,"295":47,"297":47,"298":47,"301":47,"302":15,"303":15,"305":32,"306":32,"307":32,"308":32,"309":32,"311":32,"318":31,"320":31,"322":31,"323":0,"324":0,"326":31,"327":31,"328":31,"329":31,"332":31,"335":31,"336":15,"337":15,"339":16,"340":16,"342":16,"344":16,"345":16,"347":16,"359":47,"360":24,"371":31,"372":15,"377":63,"378":15,"379":0,"380":0,"382":15,"383":15,"386":48,"387":48,"393":78,"394":15,"395":0,"396":0,"398":15,"399":15,"402":63,"403":63,"409":317,"410":63,"411":63,"413":254,"414":254,"417":317,"419":317,"420":78,"422":78,"423":78,"426":317,"427":63,"429":63,"430":63,"433":317,"435":32,"443":126,"444":126,"446":126,"453":31,"454":31,"455":31,"456":31,"458":31,"459":0,"461":31,"462":31,"463":31,"464":31,"467":31,"469":31,"472":31,"473":15,"475":15,"477":16,"481":31,"482":0,"484":0,"486":31,"487":31,"493":47,"494":0,"496":47,"497":47,"498":47,"499":47,"502":47,"504":47,"505":47,"506":47,"507":47,"509":47,"512":47,"513":0,"515":0,"517":47,"521":47,"522":15,"524":32,"525":32},"path":"/mnt/p/dev/option/rum/contracts/Monoswap.sol","s":{"1":166,"2":166,"3":166,"4":269,"5":269,"6":269,"7":269,"8":269,"9":269,"10":78,"11":15,"12":15,"13":191,"14":191,"15":15,"16":15,"17":166,"18":166,"19":166,"20":166,"21":166,"22":150,"23":191,"24":191,"25":15,"26":15,"27":15,"28":191,"29":191,"30":191,"31":191,"32":191,"33":16,"34":16,"35":176,"36":176,"37":176,"38":176,"39":176,"40":176,"41":176,"42":176,"43":0,"44":176,"45":176,"46":176,"47":0,"48":176,"49":176,"50":160,"51":191,"52":191,"53":191,"54":191,"55":191,"56":191,"57":191,"58":15,"59":15,"60":15,"61":15,"62":15,"63":15,"64":15,"65":15,"66":15,"67":15,"68":0,"69":15,"70":0,"71":15,"72":15,"73":15,"74":15,"75":15,"76":15,"77":15,"78":15,"79":15,"80":15,"81":15,"82":15,"83":15,"84":15,"85":15,"86":126,"87":63,"88":63,"89":47,"90":47,"91":47,"92":0,"93":0,"94":47,"95":47,"96":47,"97":47,"98":47,"99":47,"100":15,"101":15,"102":32,"103":32,"104":32,"105":32,"106":32,"107":32,"108":31,"109":31,"110":31,"111":0,"112":0,"113":31,"114":31,"115":31,"116":31,"117":31,"118":31,"119":15,"120":15,"121":16,"122":16,"123":16,"124":16,"125":16,"126":16,"127":47,"128":24,"129":31,"130":15,"131":63,"132":15,"133":0,"134":0,"135":15,"136":15,"137":48,"138":48,"139":78,"140":15,"141":0,"142":0,"143":15,"144":15,"145":63,"146":63,"147":317,"148":63,"149":63,"150":254,"151":254,"152":317,"153":317,"154":78,"155":78,"156":78,"157":317,"158":63,"159":63,"160":63,"161":317,"162":32,"163":126,"164":126,"165":126,"166":31,"167":31,"168":31,"169":31,"170":31,"171":0,"172":31,"173":31,"174":31,"175":31,"176":31,"177":31,"178":31,"179":15,"180":15,"181":16,"182":31,"183":0,"184":0,"185":31,"186":31,"187":47,"188":0,"189":47,"190":47,"191":47,"192":47,"193":47,"194":47,"195":47,"196":47,"197":47,"198":47,"199":47,"200":0,"201":0,"202":47,"203":47,"204":15,"205":32,"206":32},"b":{"1":[166,0],"2":[269,0],"3":[269,0],"4":[269,0],"5":[78,0],"6":[166,0],"7":[166,0],"8":[15,176],"9":[176,0],"10":[176,0],"11":[0,176],"12":[176,0],"13":[15,0],"14":[0,15],"15":[0,15],"16":[15,0],"17":[15,0],"18":[15,0],"19":[15,0],"20":[63,63],"21":[47,0],"22":[0,47],"23":[47,0],"24":[47,0],"25":[15,32],"26":[32,0],"27":[32,0],"28":[31,0],"29":[0,31],"30":[31,0],"31":[31,0],"32":[15,16],"33":[16,0],"34":[16,0],"35":[24,0],"36":[15,0],"37":[15,48],"38":[0,15],"39":[15,63],"40":[0,15],"41":[63,254],"42":[78,239],"43":[63,254],"44":[32,285],"45":[32,0],"46":[0,31],"47":[31,0],"48":[15,16],"49":[0,31],"50":[0,47],"51":[0,47],"52":[15,32]},"f":{"1":166,"2":269,"3":78,"4":15,"5":15,"6":191,"7":15,"8":166,"9":150,"10":191,"11":191,"12":16,"13":176,"14":160,"15":191,"16":15,"17":15,"18":126,"19":47,"20":31,"21":47,"22":31,"23":63,"24":78,"25":317,"26":126,"27":31,"28":47},"fnMap":{"1":{"name":"lock","line":63,"loc":{"start":{"line":63,"column":2},"end":{"line":68,"column":2}}},"2":{"name":"lockToken","line":70,"loc":{"start":{"line":70,"column":2},"end":{"line":80,"column":2}}},"3":{"name":"ensure","line":82,"loc":{"start":{"line":82,"column":2},"end":{"line":85,"column":2}}},"4":{"name":"constructor","line":87,"loc":{"start":{"line":87,"column":2},"end":{"line":89,"column":2}}},"5":{"name":"setFeeTo","line":91,"loc":{"start":{"line":91,"column":2},"end":{"line":93,"column":2}}},"6":{"name":"mint","line":96,"loc":{"start":{"line":96,"column":2},"end":{"line":99,"column":2}}},"7":{"name":"burn","line":101,"loc":{"start":{"line":101,"column":2},"end":{"line":104,"column":2}}},"8":{"name":"_createPool","line":106,"loc":{"start":{"line":106,"column":2},"end":{"line":123,"column":2}}},"9":{"name":"addOfficialToken","line":125,"loc":{"start":{"line":125,"column":2},"end":{"line":127,"column":2}}},"10":{"name":"_mintFee","line":129,"loc":{"start":{"line":129,"column":2},"end":{"line":137,"column":2}}},"11":{"name":"getPool","line":139,"loc":{"start":{"line":139,"column":2},"end":{"line":147,"column":2}}},"12":{"name":"listNewToken","line":149,"loc":{"start":{"line":149,"column":2},"end":{"line":155,"column":2}}},"13":{"name":"addLiquidityPair","line":158,"loc":{"start":{"line":158,"column":2},"end":{"line":194,"column":2}}},"14":{"name":"addLiquidity","line":197,"loc":{"start":{"line":197,"column":2},"end":{"line":199,"column":2}}},"15":{"name":"_syncPoolInfo","line":202,"loc":{"start":{"line":202,"column":2},"end":{"line":213,"column":2}}},"16":{"name":"_removeLiquidity","line":215,"loc":{"start":{"line":215,"column":2},"end":{"line":242,"column":2}}},"17":{"name":"removeLiquidity","line":245,"loc":{"start":{"line":245,"column":2},"end":{"line":268,"column":2}}},"18":{"name":"_getNewPrice","line":270,"loc":{"start":{"line":270,"column":2},"end":{"line":278,"column":2}}},"19":{"name":"getAmountOut","line":281,"loc":{"start":{"line":281,"column":2},"end":{"line":313,"column":2}}},"20":{"name":"getAmountIn","line":315,"loc":{"start":{"line":315,"column":2},"end":{"line":349,"column":2}}},"21":{"name":"swapExactTokenForToken","line":358,"loc":{"start":{"line":351,"column":2},"end":{"line":361,"column":2}}},"22":{"name":"swapTokenForExactToken","line":370,"loc":{"start":{"line":363,"column":2},"end":{"line":373,"column":2}}},"23":{"name":"vusdBalanceAdd","line":375,"loc":{"start":{"line":375,"column":2},"end":{"line":389,"column":2}}},"24":{"name":"vusdBalanceSub","line":391,"loc":{"start":{"line":391,"column":2},"end":{"line":405,"column":2}}},"25":{"name":"_updateVusdBalance","line":407,"loc":{"start":{"line":407,"column":2},"end":{"line":437,"column":2}}},"26":{"name":"_updateTokenInfo","line":440,"loc":{"start":{"line":440,"column":2},"end":{"line":448,"column":2}}},"27":{"name":"swapOut","line":451,"loc":{"start":{"line":450,"column":2},"end":{"line":489,"column":2}}},"28":{"name":"swapIn","line":492,"loc":{"start":{"line":491,"column":2},"end":{"line":529,"column":2}}}},"statementMap":{"1":{"start":{"line":64,"column":4},"end":{"line":64,"column":45}},"2":{"start":{"line":65,"column":4},"end":{"line":65,"column":15}},"3":{"start":{"line":67,"column":4},"end":{"line":67,"column":15}},"4":{"start":{"line":71,"column":4},"end":{"line":71,"column":45}},"5":{"start":{"line":72,"column":4},"end":{"line":72,"column":53}},"6":{"start":{"line":73,"column":4},"end":{"line":73,"column":1892}},"7":{"start":{"line":74,"column":6},"end":{"line":74,"column":28}},"8":{"start":{"line":77,"column":4},"end":{"line":77,"column":1967}},"9":{"start":{"line":78,"column":6},"end":{"line":78,"column":28}},"10":{"start":{"line":83,"column":4},"end":{"line":83,"column":60}},"11":{"start":{"line":88,"column":4},"end":{"line":88,"column":15}},"12":{"start":{"line":92,"column":4},"end":{"line":92,"column":17}},"13":{"start":{"line":97,"column":4},"end":{"line":97,"column":46}},"14":{"start":{"line":98,"column":4},"end":{"line":98,"column":33}},"15":{"start":{"line":102,"column":4},"end":{"line":102,"column":46}},"16":{"start":{"line":103,"column":4},"end":{"line":103,"column":29}},"17":{"start":{"line":107,"column":4},"end":{"line":107,"column":64}},"18":{"start":{"line":108,"column":4},"end":{"line":108,"column":71}},"19":{"start":{"line":109,"column":4},"end":{"line":109,"column":18}},"20":{"start":{"line":110,"column":4},"end":{"line":110,"column":2943}},"21":{"start":{"line":122,"column":4},"end":{"line":122,"column":28}},"22":{"start":{"line":126,"column":4},"end":{"line":126,"column":58}},"23":{"start":{"line":130,"column":4},"end":{"line":130,"column":43}},"24":{"start":{"line":131,"column":4},"end":{"line":131,"column":3529}},"25":{"start":{"line":132,"column":6},"end":{"line":132,"column":59}},"26":{"start":{"line":133,"column":6},"end":{"line":133,"column":110}},"27":{"start":{"line":134,"column":6},"end":{"line":134,"column":35}},"28":{"start":{"line":141,"column":4},"end":{"line":141,"column":40}},"29":{"start":{"line":142,"column":4},"end":{"line":142,"column":31}},"30":{"start":{"line":143,"column":4},"end":{"line":143,"column":27}},"31":{"start":{"line":144,"column":4},"end":{"line":144,"column":65}},"32":{"start":{"line":146,"column":4},"end":{"line":146,"column":66}},"33":{"start":{"line":153,"column":4},"end":{"line":153,"column":56}},"34":{"start":{"line":154,"column":4},"end":{"line":154,"column":68}},"35":{"start":{"line":162,"column":4},"end":{"line":162,"column":50}},"36":{"start":{"line":164,"column":4},"end":{"line":164,"column":59}},"37":{"start":{"line":171,"column":4},"end":{"line":171,"column":46}},"38":{"start":{"line":172,"column":4},"end":{"line":172,"column":40}},"39":{"start":{"line":177,"column":4},"end":{"line":177,"column":52}},"40":{"start":{"line":178,"column":4},"end":{"line":178,"column":48}},"41":{"start":{"line":179,"column":4},"end":{"line":179,"column":66}},"42":{"start":{"line":180,"column":4},"end":{"line":180,"column":5493}},"43":{"start":{"line":181,"column":6},"end":{"line":181,"column":57}},"44":{"start":{"line":184,"column":4},"end":{"line":184,"column":81}},"45":{"start":{"line":186,"column":4},"end":{"line":186,"column":5672}},"46":{"start":{"line":187,"column":6},"end":{"line":187,"column":58}},"47":{"start":{"line":189,"column":6},"end":{"line":189,"column":68}},"48":{"start":{"line":192,"column":4},"end":{"line":192,"column":32}},"49":{"start":{"line":193,"column":4},"end":{"line":193,"column":39}},"50":{"start":{"line":198,"column":4},"end":{"line":198,"column":55}},"51":{"start":{"line":204,"column":4},"end":{"line":204,"column":40}},"52":{"start":{"line":205,"column":4},"end":{"line":205,"column":71}},"53":{"start":{"line":207,"column":4},"end":{"line":207,"column":66}},"54":{"start":{"line":208,"column":4},"end":{"line":208,"column":60}},"55":{"start":{"line":210,"column":4},"end":{"line":210,"column":44}},"56":{"start":{"line":211,"column":4},"end":{"line":211,"column":66}},"57":{"start":{"line":212,"column":4},"end":{"line":212,"column":42}},"58":{"start":{"line":219,"column":4},"end":{"line":219,"column":48}},"59":{"start":{"line":220,"column":4},"end":{"line":220,"column":33}},"60":{"start":{"line":221,"column":4},"end":{"line":221,"column":22}},"61":{"start":{"line":222,"column":4},"end":{"line":222,"column":20}},"62":{"start":{"line":223,"column":4},"end":{"line":223,"column":40}},"63":{"start":{"line":224,"column":4},"end":{"line":224,"column":77}},"64":{"start":{"line":225,"column":4},"end":{"line":225,"column":48}},"65":{"start":{"line":226,"column":4},"end":{"line":226,"column":61}},"66":{"start":{"line":227,"column":4},"end":{"line":227,"column":66}},"67":{"start":{"line":229,"column":4},"end":{"line":229,"column":7461}},"68":{"start":{"line":230,"column":6},"end":{"line":230,"column":62}},"69":{"start":{"line":233,"column":4},"end":{"line":233,"column":7579}},"70":{"start":{"line":234,"column":6},"end":{"line":234,"column":83}},"71":{"start":{"line":238,"column":4},"end":{"line":238,"column":58}},"72":{"start":{"line":240,"column":4},"end":{"line":240,"column":61}},"73":{"start":{"line":248,"column":4},"end":{"line":248,"column":68}},"74":{"start":{"line":249,"column":4},"end":{"line":249,"column":40}},"75":{"start":{"line":250,"column":4},"end":{"line":250,"column":21}},"76":{"start":{"line":251,"column":4},"end":{"line":251,"column":23}},"77":{"start":{"line":252,"column":4},"end":{"line":252,"column":88}},"78":{"start":{"line":254,"column":4},"end":{"line":254,"column":52}},"79":{"start":{"line":255,"column":4},"end":{"line":255,"column":68}},"80":{"start":{"line":256,"column":4},"end":{"line":256,"column":78}},"81":{"start":{"line":258,"column":4},"end":{"line":258,"column":8547}},"82":{"start":{"line":259,"column":6},"end":{"line":259,"column":27}},"83":{"start":{"line":262,"column":4},"end":{"line":262,"column":44}},"84":{"start":{"line":264,"column":4},"end":{"line":264,"column":34}},"85":{"start":{"line":266,"column":4},"end":{"line":266,"column":36}},"86":{"start":{"line":272,"column":4},"end":{"line":272,"column":8892}},"87":{"start":{"line":274,"column":6},"end":{"line":274,"column":60}},"88":{"start":{"line":276,"column":6},"end":{"line":276,"column":63}},"89":{"start":{"line":284,"column":4},"end":{"line":284,"column":63}},"90":{"start":{"line":286,"column":4},"end":{"line":286,"column":56}},"91":{"start":{"line":288,"column":4},"end":{"line":288,"column":9570}},"92":{"start":{"line":289,"column":6},"end":{"line":289,"column":37}},"93":{"start":{"line":290,"column":6},"end":{"line":290,"column":24}},"94":{"start":{"line":292,"column":6},"end":{"line":292,"column":71}},"95":{"start":{"line":293,"column":6},"end":{"line":293,"column":50}},"96":{"start":{"line":295,"column":6},"end":{"line":295,"column":83}},"97":{"start":{"line":297,"column":6},"end":{"line":297,"column":107}},"98":{"start":{"line":298,"column":6},"end":{"line":298,"column":60}},"99":{"start":{"line":301,"column":4},"end":{"line":301,"column":10093}},"100":{"start":{"line":302,"column":6},"end":{"line":302,"column":31}},"101":{"start":{"line":303,"column":6},"end":{"line":303,"column":25}},"102":{"start":{"line":305,"column":6},"end":{"line":305,"column":72}},"103":{"start":{"line":306,"column":6},"end":{"line":306,"column":52}},"104":{"start":{"line":307,"column":6},"end":{"line":307,"column":84}},"105":{"start":{"line":308,"column":6},"end":{"line":308,"column":85}},"106":{"start":{"line":309,"column":6},"end":{"line":309,"column":114}},"107":{"start":{"line":311,"column":6},"end":{"line":311,"column":60}},"108":{"start":{"line":318,"column":4},"end":{"line":318,"column":64}},"109":{"start":{"line":320,"column":4},"end":{"line":320,"column":58}},"110":{"start":{"line":322,"column":4},"end":{"line":322,"column":11045}},"111":{"start":{"line":323,"column":6},"end":{"line":323,"column":38}},"112":{"start":{"line":324,"column":6},"end":{"line":324,"column":25}},"113":{"start":{"line":326,"column":6},"end":{"line":326,"column":72}},"114":{"start":{"line":327,"column":6},"end":{"line":327,"column":52}},"115":{"start":{"line":328,"column":6},"end":{"line":328,"column":84}},"116":{"start":{"line":329,"column":6},"end":{"line":329,"column":11415}},"117":{"start":{"line":332,"column":6},"end":{"line":332,"column":62}},"118":{"start":{"line":335,"column":4},"end":{"line":335,"column":11582}},"119":{"start":{"line":336,"column":6},"end":{"line":336,"column":30}},"120":{"start":{"line":337,"column":6},"end":{"line":337,"column":24}},"121":{"start":{"line":339,"column":6},"end":{"line":339,"column":71}},"122":{"start":{"line":340,"column":6},"end":{"line":340,"column":50}},"123":{"start":{"line":342,"column":6},"end":{"line":342,"column":83}},"124":{"start":{"line":344,"column":6},"end":{"line":344,"column":83}},"125":{"start":{"line":345,"column":6},"end":{"line":345,"column":12038}},"126":{"start":{"line":347,"column":6},"end":{"line":347,"column":58}},"127":{"start":{"line":359,"column":4},"end":{"line":359,"column":54}},"128":{"start":{"line":360,"column":4},"end":{"line":360,"column":77}},"129":{"start":{"line":371,"column":4},"end":{"line":371,"column":55}},"130":{"start":{"line":372,"column":4},"end":{"line":372,"column":71}},"131":{"start":{"line":377,"column":4},"end":{"line":377,"column":13083}},"132":{"start":{"line":378,"column":6},"end":{"line":378,"column":13105}},"133":{"start":{"line":379,"column":8},"end":{"line":379,"column":19}},"134":{"start":{"line":380,"column":8},"end":{"line":380,"column":46}},"135":{"start":{"line":382,"column":8},"end":{"line":382,"column":21}},"136":{"start":{"line":383,"column":8},"end":{"line":383,"column":31}},"137":{"start":{"line":386,"column":6},"end":{"line":386,"column":36}},"138":{"start":{"line":387,"column":6},"end":{"line":387,"column":17}},"139":{"start":{"line":393,"column":4},"end":{"line":393,"column":13510}},"140":{"start":{"line":394,"column":6},"end":{"line":394,"column":13534}},"141":{"start":{"line":395,"column":8},"end":{"line":395,"column":21}},"142":{"start":{"line":396,"column":8},"end":{"line":396,"column":33}},"143":{"start":{"line":398,"column":8},"end":{"line":398,"column":35}},"144":{"start":{"line":399,"column":8},"end":{"line":399,"column":19}},"145":{"start":{"line":402,"column":6},"end":{"line":402,"column":19}},"146":{"start":{"line":403,"column":6},"end":{"line":403,"column":32}},"147":{"start":{"line":409,"column":4},"end":{"line":409,"column":13926}},"148":{"start":{"line":410,"column":6},"end":{"line":410,"column":33}},"149":{"start":{"line":411,"column":6},"end":{"line":411,"column":17}},"150":{"start":{"line":413,"column":6},"end":{"line":413,"column":34}},"151":{"start":{"line":414,"column":6},"end":{"line":414,"column":16}},"152":{"start":{"line":417,"column":4},"end":{"line":417,"column":41}},"153":{"start":{"line":419,"column":4},"end":{"line":419,"column":14140}},"154":{"start":{"line":420,"column":6},"end":{"line":420,"column":14209}},"155":{"start":{"line":422,"column":6},"end":{"line":422,"column":43}},"156":{"start":{"line":423,"column":6},"end":{"line":423,"column":39}},"157":{"start":{"line":426,"column":4},"end":{"line":426,"column":14364}},"158":{"start":{"line":427,"column":6},"end":{"line":427,"column":14431}},"159":{"start":{"line":429,"column":6},"end":{"line":429,"column":43}},"160":{"start":{"line":430,"column":6},"end":{"line":430,"column":39}},"161":{"start":{"line":433,"column":4},"end":{"line":433,"column":14586}},"162":{"start":{"line":435,"column":6},"end":{"line":435,"column":91}},"163":{"start":{"line":443,"column":4},"end":{"line":443,"column":31}},"164":{"start":{"line":444,"column":4},"end":{"line":444,"column":71}},"165":{"start":{"line":446,"column":4},"end":{"line":446,"column":48}},"166":{"start":{"line":453,"column":4},"end":{"line":453,"column":24}},"167":{"start":{"line":454,"column":4},"end":{"line":454,"column":25}},"168":{"start":{"line":455,"column":4},"end":{"line":455,"column":26}},"169":{"start":{"line":456,"column":4},"end":{"line":456,"column":102}},"170":{"start":{"line":458,"column":4},"end":{"line":458,"column":15391}},"171":{"start":{"line":459,"column":6},"end":{"line":459,"column":66}},"172":{"start":{"line":461,"column":6},"end":{"line":461,"column":67}},"173":{"start":{"line":462,"column":6},"end":{"line":462,"column":66}},"174":{"start":{"line":463,"column":6},"end":{"line":463,"column":67}},"175":{"start":{"line":464,"column":6},"end":{"line":464,"column":83}},"176":{"start":{"line":467,"column":4},"end":{"line":467,"column":54}},"177":{"start":{"line":469,"column":4},"end":{"line":469,"column":72}},"178":{"start":{"line":472,"column":4},"end":{"line":472,"column":15968}},"179":{"start":{"line":473,"column":6},"end":{"line":473,"column":39}},"180":{"start":{"line":475,"column":6},"end":{"line":475,"column":49}},"181":{"start":{"line":477,"column":6},"end":{"line":477,"column":86}},"182":{"start":{"line":481,"column":4},"end":{"line":481,"column":16262}},"183":{"start":{"line":482,"column":6},"end":{"line":482,"column":29}},"184":{"start":{"line":484,"column":6},"end":{"line":484,"column":54}},"185":{"start":{"line":486,"column":6},"end":{"line":486,"column":49}},"186":{"start":{"line":487,"column":6},"end":{"line":487,"column":88}},"187":{"start":{"line":493,"column":4},"end":{"line":493,"column":16741}},"188":{"start":{"line":494,"column":6},"end":{"line":494,"column":66}},"189":{"start":{"line":496,"column":6},"end":{"line":496,"column":67}},"190":{"start":{"line":497,"column":6},"end":{"line":497,"column":66}},"191":{"start":{"line":498,"column":6},"end":{"line":498,"column":67}},"192":{"start":{"line":499,"column":6},"end":{"line":499,"column":42}},"193":{"start":{"line":502,"column":4},"end":{"line":502,"column":54}},"194":{"start":{"line":504,"column":4},"end":{"line":504,"column":24}},"195":{"start":{"line":505,"column":4},"end":{"line":505,"column":25}},"196":{"start":{"line":506,"column":4},"end":{"line":506,"column":26}},"197":{"start":{"line":507,"column":4},"end":{"line":507,"column":103}},"198":{"start":{"line":509,"column":4},"end":{"line":509,"column":72}},"199":{"start":{"line":512,"column":4},"end":{"line":512,"column":17470}},"200":{"start":{"line":513,"column":6},"end":{"line":513,"column":39}},"201":{"start":{"line":515,"column":6},"end":{"line":515,"column":49}},"202":{"start":{"line":517,"column":6},"end":{"line":517,"column":86}},"203":{"start":{"line":521,"column":4},"end":{"line":521,"column":17770}},"204":{"start":{"line":522,"column":6},"end":{"line":522,"column":29}},"205":{"start":{"line":524,"column":6},"end":{"line":524,"column":49}},"206":{"start":{"line":525,"column":6},"end":{"line":525,"column":88}}},"branchMap":{"1":{"line":64,"type":"if","locations":[{"start":{"line":64,"column":4},"end":{"line":64,"column":4}},{"start":{"line":64,"column":4},"end":{"line":64,"column":4}}]},"2":{"line":72,"type":"if","locations":[{"start":{"line":72,"column":4},"end":{"line":72,"column":4}},{"start":{"line":72,"column":4},"end":{"line":72,"column":4}}]},"3":{"line":73,"type":"if","locations":[{"start":{"line":73,"column":4},"end":{"line":73,"column":4}},{"start":{"line":73,"column":4},"end":{"line":73,"column":4}}]},"4":{"line":77,"type":"if","locations":[{"start":{"line":77,"column":4},"end":{"line":77,"column":4}},{"start":{"line":77,"column":4},"end":{"line":77,"column":4}}]},"5":{"line":83,"type":"if","locations":[{"start":{"line":83,"column":4},"end":{"line":83,"column":4}},{"start":{"line":83,"column":4},"end":{"line":83,"column":4}}]},"6":{"line":107,"type":"if","locations":[{"start":{"line":107,"column":4},"end":{"line":107,"column":4}},{"start":{"line":107,"column":4},"end":{"line":107,"column":4}}]},"7":{"line":108,"type":"if","locations":[{"start":{"line":108,"column":4},"end":{"line":108,"column":4}},{"start":{"line":108,"column":4},"end":{"line":108,"column":4}}]},"8":{"line":131,"type":"if","locations":[{"start":{"line":131,"column":4},"end":{"line":131,"column":4}},{"start":{"line":131,"column":4},"end":{"line":131,"column":4}}]},"9":{"line":162,"type":"if","locations":[{"start":{"line":162,"column":4},"end":{"line":162,"column":4}},{"start":{"line":162,"column":4},"end":{"line":162,"column":4}}]},"10":{"line":164,"type":"if","locations":[{"start":{"line":164,"column":4},"end":{"line":164,"column":4}},{"start":{"line":164,"column":4},"end":{"line":164,"column":4}}]},"11":{"line":180,"type":"if","locations":[{"start":{"line":180,"column":4},"end":{"line":180,"column":4}},{"start":{"line":180,"column":4},"end":{"line":180,"column":4}}]},"12":{"line":186,"type":"if","locations":[{"start":{"line":186,"column":4},"end":{"line":186,"column":4}},{"start":{"line":186,"column":4},"end":{"line":186,"column":4}}]},"13":{"line":219,"type":"if","locations":[{"start":{"line":219,"column":4},"end":{"line":219,"column":4}},{"start":{"line":219,"column":4},"end":{"line":219,"column":4}}]},"14":{"line":229,"type":"if","locations":[{"start":{"line":229,"column":4},"end":{"line":229,"column":4}},{"start":{"line":229,"column":4},"end":{"line":229,"column":4}}]},"15":{"line":233,"type":"if","locations":[{"start":{"line":233,"column":4},"end":{"line":233,"column":4}},{"start":{"line":233,"column":4},"end":{"line":233,"column":4}}]},"16":{"line":248,"type":"if","locations":[{"start":{"line":248,"column":4},"end":{"line":248,"column":4}},{"start":{"line":248,"column":4},"end":{"line":248,"column":4}}]},"17":{"line":255,"type":"if","locations":[{"start":{"line":255,"column":4},"end":{"line":255,"column":4}},{"start":{"line":255,"column":4},"end":{"line":255,"column":4}}]},"18":{"line":256,"type":"if","locations":[{"start":{"line":256,"column":4},"end":{"line":256,"column":4}},{"start":{"line":256,"column":4},"end":{"line":256,"column":4}}]},"19":{"line":258,"type":"if","locations":[{"start":{"line":258,"column":4},"end":{"line":258,"column":4}},{"start":{"line":258,"column":4},"end":{"line":258,"column":4}}]},"20":{"line":272,"type":"if","locations":[{"start":{"line":272,"column":4},"end":{"line":272,"column":4}},{"start":{"line":272,"column":4},"end":{"line":272,"column":4}}]},"21":{"line":284,"type":"if","locations":[{"start":{"line":284,"column":4},"end":{"line":284,"column":4}},{"start":{"line":284,"column":4},"end":{"line":284,"column":4}}]},"22":{"line":288,"type":"if","locations":[{"start":{"line":288,"column":4},"end":{"line":288,"column":4}},{"start":{"line":288,"column":4},"end":{"line":288,"column":4}}]},"23":{"line":292,"type":"if","locations":[{"start":{"line":292,"column":6},"end":{"line":292,"column":6}},{"start":{"line":292,"column":6},"end":{"line":292,"column":6}}]},"24":{"line":295,"type":"if","locations":[{"start":{"line":295,"column":6},"end":{"line":295,"column":6}},{"start":{"line":295,"column":6},"end":{"line":295,"column":6}}]},"25":{"line":301,"type":"if","locations":[{"start":{"line":301,"column":4},"end":{"line":301,"column":4}},{"start":{"line":301,"column":4},"end":{"line":301,"column":4}}]},"26":{"line":305,"type":"if","locations":[{"start":{"line":305,"column":6},"end":{"line":305,"column":6}},{"start":{"line":305,"column":6},"end":{"line":305,"column":6}}]},"27":{"line":307,"type":"if","locations":[{"start":{"line":307,"column":6},"end":{"line":307,"column":6}},{"start":{"line":307,"column":6},"end":{"line":307,"column":6}}]},"28":{"line":318,"type":"if","locations":[{"start":{"line":318,"column":4},"end":{"line":318,"column":4}},{"start":{"line":318,"column":4},"end":{"line":318,"column":4}}]},"29":{"line":322,"type":"if","locations":[{"start":{"line":322,"column":4},"end":{"line":322,"column":4}},{"start":{"line":322,"column":4},"end":{"line":322,"column":4}}]},"30":{"line":326,"type":"if","locations":[{"start":{"line":326,"column":6},"end":{"line":326,"column":6}},{"start":{"line":326,"column":6},"end":{"line":326,"column":6}}]},"31":{"line":328,"type":"if","locations":[{"start":{"line":328,"column":6},"end":{"line":328,"column":6}},{"start":{"line":328,"column":6},"end":{"line":328,"column":6}}]},"32":{"line":335,"type":"if","locations":[{"start":{"line":335,"column":4},"end":{"line":335,"column":4}},{"start":{"line":335,"column":4},"end":{"line":335,"column":4}}]},"33":{"line":339,"type":"if","locations":[{"start":{"line":339,"column":6},"end":{"line":339,"column":6}},{"start":{"line":339,"column":6},"end":{"line":339,"column":6}}]},"34":{"line":342,"type":"if","locations":[{"start":{"line":342,"column":6},"end":{"line":342,"column":6}},{"start":{"line":342,"column":6},"end":{"line":342,"column":6}}]},"35":{"line":360,"type":"if","locations":[{"start":{"line":360,"column":4},"end":{"line":360,"column":4}},{"start":{"line":360,"column":4},"end":{"line":360,"column":4}}]},"36":{"line":372,"type":"if","locations":[{"start":{"line":372,"column":4},"end":{"line":372,"column":4}},{"start":{"line":372,"column":4},"end":{"line":372,"column":4}}]},"37":{"line":377,"type":"if","locations":[{"start":{"line":377,"column":4},"end":{"line":377,"column":4}},{"start":{"line":377,"column":4},"end":{"line":377,"column":4}}]},"38":{"line":378,"type":"if","locations":[{"start":{"line":378,"column":6},"end":{"line":378,"column":6}},{"start":{"line":378,"column":6},"end":{"line":378,"column":6}}]},"39":{"line":393,"type":"if","locations":[{"start":{"line":393,"column":4},"end":{"line":393,"column":4}},{"start":{"line":393,"column":4},"end":{"line":393,"column":4}}]},"40":{"line":394,"type":"if","locations":[{"start":{"line":394,"column":6},"end":{"line":394,"column":6}},{"start":{"line":394,"column":6},"end":{"line":394,"column":6}}]},"41":{"line":409,"type":"if","locations":[{"start":{"line":409,"column":4},"end":{"line":409,"column":4}},{"start":{"line":409,"column":4},"end":{"line":409,"column":4}}]},"42":{"line":419,"type":"if","locations":[{"start":{"line":419,"column":4},"end":{"line":419,"column":4}},{"start":{"line":419,"column":4},"end":{"line":419,"column":4}}]},"43":{"line":426,"type":"if","locations":[{"start":{"line":426,"column":4},"end":{"line":426,"column":4}},{"start":{"line":426,"column":4},"end":{"line":426,"column":4}}]},"44":{"line":433,"type":"if","locations":[{"start":{"line":433,"column":4},"end":{"line":433,"column":4}},{"start":{"line":433,"column":4},"end":{"line":433,"column":4}}]},"45":{"line":435,"type":"if","locations":[{"start":{"line":435,"column":6},"end":{"line":435,"column":6}},{"start":{"line":435,"column":6},"end":{"line":435,"column":6}}]},"46":{"line":458,"type":"if","locations":[{"start":{"line":458,"column":4},"end":{"line":458,"column":4}},{"start":{"line":458,"column":4},"end":{"line":458,"column":4}}]},"47":{"line":464,"type":"if","locations":[{"start":{"line":464,"column":6},"end":{"line":464,"column":6}},{"start":{"line":464,"column":6},"end":{"line":464,"column":6}}]},"48":{"line":472,"type":"if","locations":[{"start":{"line":472,"column":4},"end":{"line":472,"column":4}},{"start":{"line":472,"column":4},"end":{"line":472,"column":4}}]},"49":{"line":481,"type":"if","locations":[{"start":{"line":481,"column":4},"end":{"line":481,"column":4}},{"start":{"line":481,"column":4},"end":{"line":481,"column":4}}]},"50":{"line":493,"type":"if","locations":[{"start":{"line":493,"column":4},"end":{"line":493,"column":4}},{"start":{"line":493,"column":4},"end":{"line":493,"column":4}}]},"51":{"line":512,"type":"if","locations":[{"start":{"line":512,"column":4},"end":{"line":512,"column":4}},{"start":{"line":512,"column":4},"end":{"line":512,"column":4}}]},"52":{"line":521,"type":"if","locations":[{"start":{"line":521,"column":4},"end":{"line":521,"column":4}},{"start":{"line":521,"column":4},"end":{"line":521,"column":4}}]}}},"contracts/RumPool.sol":{"l":{"63":0,"64":0,"65":0,"66":0,"70":0,"71":0,"72":0,"73":0,"74":0,"79":0,"83":0,"88":0,"89":0,"93":0,"94":0,"98":0,"99":0,"100":0,"113":0,"117":0,"121":0,"122":0,"123":0,"124":0,"125":0,"126":0,"134":0,"135":0,"136":0,"137":0,"138":0,"140":0,"144":0,"145":0,"147":0,"148":0,"150":0,"151":0,"153":0,"154":0,"156":0,"158":0,"159":0,"160":0,"161":0,"162":0,"165":0,"167":0,"168":0,"170":0,"173":0,"174":0,"179":0,"185":0,"186":0,"187":0,"188":0,"189":0,"191":0,"192":0,"193":0,"196":0,"197":0,"198":0,"199":0,"201":0,"202":0,"205":0,"206":0,"208":0,"209":0,"213":0,"215":0,"217":0,"220":0,"221":0,"222":0,"227":0,"228":0,"229":0,"230":0,"231":0,"232":0,"233":0,"234":0,"235":0,"237":0,"238":0,"240":0,"241":0,"244":0,"245":0,"249":0,"251":0,"257":0,"258":0,"259":0,"260":0,"262":0,"264":0,"265":0,"266":0,"267":0,"268":0,"269":0,"272":0,"274":0,"279":0,"281":0,"283":0,"290":0,"291":0,"292":0,"293":0,"294":0,"296":0,"297":0,"299":0,"301":0,"302":0,"305":0,"306":0,"307":0,"309":0,"310":0,"311":0,"312":0,"313":0,"315":0,"320":0,"321":0,"323":0,"324":0,"325":0,"327":0,"329":0,"330":0,"331":0,"334":0,"335":0,"336":0,"338":0,"339":0,"340":0,"341":0,"342":0,"346":0,"347":0,"349":0,"350":0,"351":0,"352":0,"353":0,"354":0},"path":"/mnt/p/dev/option/rum/contracts/RumPool.sol","s":{"1":0,"2":0,"3":0,"4":0,"5":0,"6":0,"7":0,"8":0,"9":0,"10":0,"11":0,"12":0,"13":0,"14":0,"15":0,"16":0,"17":0,"18":0,"19":0,"20":0,"21":0,"22":0,"23":0,"24":0,"25":0,"26":0,"27":0,"28":0,"29":0,"30":0,"31":0,"32":0,"33":0,"34":0,"35":0,"36":0,"37":0,"38":0,"39":0,"40":0,"41":0,"42":0,"43":0,"44":0,"45":0,"46":0,"47":0,"48":0,"49":0,"50":0,"51":0,"52":0,"53":0,"54":0,"55":0,"56":0,"57":0,"58":0,"59":0,"60":0,"61":0,"62":0,"63":0,"64":0,"65":0,"66":0,"67":0,"68":0,"69":0,"70":0,"71":0,"72":0,"73":0,"74":0,"75":0,"76":0,"77":0,"78":0,"79":0,"80":0,"81":0,"82":0,"83":0,"84":0,"85":0,"86":0,"87":0,"88":0,"89":0,"90":0,"91":0,"92":0,"93":0,"94":0,"95":0,"96":0,"97":0,"98":0,"99":0,"100":0,"101":0,"102":0,"103":0,"104":0,"105":0,"106":0,"107":0,"108":0,"109":0,"110":0,"111":0,"112":0,"113":0,"114":0,"115":0,"116":0,"117":0,"118":0,"119":0,"120":0,"121":0,"122":0,"123":0,"124":0,"125":0,"126":0,"127":0,"128":0,"129":0,"130":0,"131":0,"132":0,"133":0,"134":0,"135":0,"136":0,"137":0,"138":0,"139":0,"140":0,"141":0,"142":0,"143":0,"144":0,"145":0,"146":0,"147":0,"148":0,"149":0,"150":0,"151":0},"b":{"1":[0,0],"2":[0,0],"3":[0,0],"4":[0,0],"5":[0,0],"6":[0,0],"7":[0,0],"8":[0,0],"9":[0,0],"10":[0,0],"11":[0,0],"12":[0,0],"13":[0,0],"14":[0,0],"15":[0,0],"16":[0,0],"17":[0,0],"18":[0,0],"19":[0,0],"20":[0,0],"21":[0,0],"22":[0,0],"23":[0,0],"24":[0,0],"25":[0,0],"26":[0,0],"27":[0,0],"28":[0,0],"29":[0,0],"30":[0,0],"31":[0,0],"32":[0,0],"33":[0,0],"34":[0,0]},"f":{"1":0,"2":0,"3":0,"4":0,"5":0,"6":0,"7":0,"8":0,"9":0,"10":0,"11":0,"12":0,"13":0,"14":0,"15":0,"16":0,"17":0,"18":0},"fnMap":{"1":{"name":"lock","line":62,"loc":{"start":{"line":62,"column":2},"end":{"line":67,"column":2}}},"2":{"name":"lockPool","line":69,"loc":{"start":{"line":69,"column":2},"end":{"line":75,"column":2}}},"3":{"name":"constructor","line":78,"loc":{"start":{"line":78,"column":2},"end":{"line":80,"column":2}}},"4":{"name":"setFeeTo","line":82,"loc":{"start":{"line":82,"column":2},"end":{"line":84,"column":2}}},"5":{"name":"mint","line":87,"loc":{"start":{"line":87,"column":2},"end":{"line":90,"column":2}}},"6":{"name":"burn","line":92,"loc":{"start":{"line":92,"column":2},"end":{"line":95,"column":2}}},"7":{"name":"_addToken","line":97,"loc":{"start":{"line":97,"column":2},"end":{"line":114,"column":2}}},"8":{"name":"addOfficialToken","line":116,"loc":{"start":{"line":116,"column":2},"end":{"line":118,"column":2}}},"9":{"name":"_mintFee","line":120,"loc":{"start":{"line":120,"column":2},"end":{"line":129,"column":2}}},"10":{"name":"getPool","line":132,"loc":{"start":{"line":132,"column":2},"end":{"line":141,"column":2}}},"11":{"name":"addLiquidityPair","line":143,"loc":{"start":{"line":143,"column":2},"end":{"line":175,"column":2}}},"12":{"name":"addLiquidity","line":178,"loc":{"start":{"line":178,"column":2},"end":{"line":180,"column":2}}},"13":{"name":"_syncPoolInfo","line":183,"loc":{"start":{"line":183,"column":2},"end":{"line":223,"column":2}}},"14":{"name":"_removeLiquidity","line":225,"loc":{"start":{"line":225,"column":2},"end":{"line":253,"column":2}}},"15":{"name":"removeLiquidity","line":256,"loc":{"start":{"line":256,"column":2},"end":{"line":276,"column":2}}},"16":{"name":"newPrice","line":278,"loc":{"start":{"line":278,"column":2},"end":{"line":285,"column":2}}},"17":{"name":"swapQuote","line":288,"loc":{"start":{"line":288,"column":2},"end":{"line":317,"column":2}}},"18":{"name":"swap","line":319,"loc":{"start":{"line":319,"column":2},"end":{"line":358,"column":2}}}},"statementMap":{"1":{"start":{"line":63,"column":4},"end":{"line":63,"column":44}},"2":{"start":{"line":64,"column":4},"end":{"line":64,"column":15}},"3":{"start":{"line":66,"column":4},"end":{"line":66,"column":15}},"4":{"start":{"line":70,"column":4},"end":{"line":70,"column":62}},"5":{"start":{"line":71,"column":4},"end":{"line":71,"column":57}},"6":{"start":{"line":72,"column":4},"end":{"line":72,"column":32}},"7":{"start":{"line":74,"column":4},"end":{"line":74,"column":31}},"8":{"start":{"line":79,"column":4},"end":{"line":79,"column":15}},"9":{"start":{"line":83,"column":4},"end":{"line":83,"column":17}},"10":{"start":{"line":88,"column":4},"end":{"line":88,"column":46}},"11":{"start":{"line":89,"column":4},"end":{"line":89,"column":33}},"12":{"start":{"line":93,"column":4},"end":{"line":93,"column":46}},"13":{"start":{"line":94,"column":4},"end":{"line":94,"column":29}},"14":{"start":{"line":98,"column":4},"end":{"line":98,"column":60}},"15":{"start":{"line":99,"column":4},"end":{"line":99,"column":18}},"16":{"start":{"line":100,"column":4},"end":{"line":100,"column":2579}},"17":{"start":{"line":117,"column":4},"end":{"line":117,"column":49}},"18":{"start":{"line":121,"column":4},"end":{"line":121,"column":41}},"19":{"start":{"line":122,"column":4},"end":{"line":122,"column":43}},"20":{"start":{"line":123,"column":4},"end":{"line":123,"column":3214}},"21":{"start":{"line":124,"column":6},"end":{"line":124,"column":59}},"22":{"start":{"line":125,"column":6},"end":{"line":125,"column":110}},"23":{"start":{"line":126,"column":6},"end":{"line":126,"column":35}},"24":{"start":{"line":134,"column":4},"end":{"line":134,"column":63}},"25":{"start":{"line":135,"column":4},"end":{"line":135,"column":40}},"26":{"start":{"line":136,"column":4},"end":{"line":136,"column":31}},"27":{"start":{"line":137,"column":4},"end":{"line":137,"column":27}},"28":{"start":{"line":138,"column":4},"end":{"line":138,"column":65}},"29":{"start":{"line":140,"column":4},"end":{"line":140,"column":66}},"30":{"start":{"line":144,"column":4},"end":{"line":144,"column":49}},"31":{"start":{"line":145,"column":4},"end":{"line":145,"column":70}},"32":{"start":{"line":147,"column":4},"end":{"line":147,"column":33}},"33":{"start":{"line":148,"column":4},"end":{"line":148,"column":4272}},"34":{"start":{"line":150,"column":6},"end":{"line":150,"column":66}},"35":{"start":{"line":151,"column":6},"end":{"line":151,"column":55}},"36":{"start":{"line":153,"column":4},"end":{"line":153,"column":46}},"37":{"start":{"line":154,"column":4},"end":{"line":154,"column":40}},"38":{"start":{"line":156,"column":4},"end":{"line":156,"column":108}},"39":{"start":{"line":158,"column":4},"end":{"line":158,"column":52}},"40":{"start":{"line":159,"column":4},"end":{"line":159,"column":48}},"41":{"start":{"line":160,"column":4},"end":{"line":160,"column":72}},"42":{"start":{"line":161,"column":4},"end":{"line":161,"column":4917}},"43":{"start":{"line":162,"column":6},"end":{"line":162,"column":63}},"44":{"start":{"line":165,"column":4},"end":{"line":165,"column":78}},"45":{"start":{"line":167,"column":4},"end":{"line":167,"column":5099}},"46":{"start":{"line":168,"column":6},"end":{"line":168,"column":58}},"47":{"start":{"line":170,"column":6},"end":{"line":170,"column":68}},"48":{"start":{"line":173,"column":4},"end":{"line":173,"column":38}},"49":{"start":{"line":174,"column":4},"end":{"line":174,"column":39}},"50":{"start":{"line":179,"column":4},"end":{"line":179,"column":39}},"51":{"start":{"line":185,"column":4},"end":{"line":185,"column":40}},"52":{"start":{"line":186,"column":4},"end":{"line":186,"column":5838}},"53":{"start":{"line":187,"column":6},"end":{"line":187,"column":40}},"54":{"start":{"line":188,"column":6},"end":{"line":188,"column":46}},"55":{"start":{"line":189,"column":6},"end":{"line":189,"column":29}},"56":{"start":{"line":191,"column":6},"end":{"line":191,"column":40}},"57":{"start":{"line":192,"column":6},"end":{"line":192,"column":33}},"58":{"start":{"line":193,"column":6},"end":{"line":193,"column":43}},"59":{"start":{"line":196,"column":4},"end":{"line":196,"column":66}},"60":{"start":{"line":197,"column":4},"end":{"line":197,"column":60}},"61":{"start":{"line":198,"column":4},"end":{"line":198,"column":6271}},"62":{"start":{"line":199,"column":6},"end":{"line":199,"column":6298}},"63":{"start":{"line":201,"column":8},"end":{"line":201,"column":41}},"64":{"start":{"line":202,"column":8},"end":{"line":202,"column":19}},"65":{"start":{"line":205,"column":8},"end":{"line":205,"column":39}},"66":{"start":{"line":206,"column":8},"end":{"line":206,"column":21}},"67":{"start":{"line":208,"column":6},"end":{"line":208,"column":33}},"68":{"start":{"line":209,"column":6},"end":{"line":209,"column":29}},"69":{"start":{"line":213,"column":4},"end":{"line":213,"column":6610}},"70":{"start":{"line":215,"column":6},"end":{"line":215,"column":87}},"71":{"start":{"line":217,"column":6},"end":{"line":217,"column":56}},"72":{"start":{"line":220,"column":4},"end":{"line":220,"column":35}},"73":{"start":{"line":221,"column":4},"end":{"line":221,"column":75}},"74":{"start":{"line":222,"column":4},"end":{"line":222,"column":23}},"75":{"start":{"line":227,"column":4},"end":{"line":227,"column":47}},"76":{"start":{"line":228,"column":4},"end":{"line":228,"column":33}},"77":{"start":{"line":229,"column":4},"end":{"line":229,"column":22}},"78":{"start":{"line":230,"column":4},"end":{"line":230,"column":20}},"79":{"start":{"line":231,"column":4},"end":{"line":231,"column":40}},"80":{"start":{"line":232,"column":4},"end":{"line":232,"column":77}},"81":{"start":{"line":233,"column":4},"end":{"line":233,"column":48}},"82":{"start":{"line":234,"column":4},"end":{"line":234,"column":69}},"83":{"start":{"line":235,"column":4},"end":{"line":235,"column":66}},"84":{"start":{"line":237,"column":4},"end":{"line":237,"column":36}},"85":{"start":{"line":238,"column":4},"end":{"line":238,"column":48}},"86":{"start":{"line":240,"column":4},"end":{"line":240,"column":7697}},"87":{"start":{"line":241,"column":6},"end":{"line":241,"column":62}},"88":{"start":{"line":244,"column":4},"end":{"line":244,"column":7815}},"89":{"start":{"line":245,"column":6},"end":{"line":245,"column":80}},"90":{"start":{"line":249,"column":4},"end":{"line":249,"column":58}},"91":{"start":{"line":251,"column":4},"end":{"line":251,"column":61}},"92":{"start":{"line":257,"column":4},"end":{"line":257,"column":40}},"93":{"start":{"line":258,"column":4},"end":{"line":258,"column":21}},"94":{"start":{"line":259,"column":4},"end":{"line":259,"column":23}},"95":{"start":{"line":260,"column":4},"end":{"line":260,"column":84}},"96":{"start":{"line":262,"column":4},"end":{"line":262,"column":57}},"97":{"start":{"line":264,"column":4},"end":{"line":264,"column":52}},"98":{"start":{"line":265,"column":4},"end":{"line":265,"column":67}},"99":{"start":{"line":266,"column":4},"end":{"line":266,"column":77}},"100":{"start":{"line":267,"column":4},"end":{"line":267,"column":34}},"101":{"start":{"line":268,"column":4},"end":{"line":268,"column":8776}},"102":{"start":{"line":269,"column":6},"end":{"line":269,"column":34}},"103":{"start":{"line":272,"column":4},"end":{"line":272,"column":51}},"104":{"start":{"line":274,"column":4},"end":{"line":274,"column":36}},"105":{"start":{"line":279,"column":4},"end":{"line":279,"column":9085}},"106":{"start":{"line":281,"column":6},"end":{"line":281,"column":60}},"107":{"start":{"line":283,"column":6},"end":{"line":283,"column":63}},"108":{"start":{"line":290,"column":4},"end":{"line":290,"column":49}},"109":{"start":{"line":291,"column":4},"end":{"line":291,"column":32}},"110":{"start":{"line":292,"column":4},"end":{"line":292,"column":9575}},"111":{"start":{"line":293,"column":6},"end":{"line":293,"column":32}},"112":{"start":{"line":294,"column":6},"end":{"line":294,"column":24}},"113":{"start":{"line":296,"column":6},"end":{"line":296,"column":66}},"114":{"start":{"line":297,"column":6},"end":{"line":297,"column":50}},"115":{"start":{"line":299,"column":6},"end":{"line":299,"column":82}},"116":{"start":{"line":301,"column":6},"end":{"line":301,"column":96}},"117":{"start":{"line":302,"column":6},"end":{"line":302,"column":55}},"118":{"start":{"line":305,"column":4},"end":{"line":305,"column":10075}},"119":{"start":{"line":306,"column":6},"end":{"line":306,"column":33}},"120":{"start":{"line":307,"column":6},"end":{"line":307,"column":25}},"121":{"start":{"line":309,"column":6},"end":{"line":309,"column":67}},"122":{"start":{"line":310,"column":6},"end":{"line":310,"column":52}},"123":{"start":{"line":311,"column":6},"end":{"line":311,"column":83}},"124":{"start":{"line":312,"column":6},"end":{"line":312,"column":87}},"125":{"start":{"line":313,"column":6},"end":{"line":313,"column":110}},"126":{"start":{"line":315,"column":6},"end":{"line":315,"column":62}},"127":{"start":{"line":320,"column":4},"end":{"line":320,"column":58}},"128":{"start":{"line":321,"column":4},"end":{"line":321,"column":54}},"129":{"start":{"line":323,"column":4},"end":{"line":323,"column":24}},"130":{"start":{"line":324,"column":4},"end":{"line":324,"column":25}},"131":{"start":{"line":325,"column":4},"end":{"line":325,"column":93}},"132":{"start":{"line":327,"column":4},"end":{"line":327,"column":79}},"133":{"start":{"line":329,"column":4},"end":{"line":329,"column":34}},"134":{"start":{"line":330,"column":4},"end":{"line":330,"column":69}},"135":{"start":{"line":331,"column":4},"end":{"line":331,"column":69}},"136":{"start":{"line":334,"column":4},"end":{"line":334,"column":71}},"137":{"start":{"line":335,"column":4},"end":{"line":335,"column":11458}},"138":{"start":{"line":336,"column":6},"end":{"line":336,"column":39}},"139":{"start":{"line":338,"column":6},"end":{"line":338,"column":50}},"140":{"start":{"line":339,"column":6},"end":{"line":339,"column":37}},"141":{"start":{"line":340,"column":6},"end":{"line":340,"column":102}},"142":{"start":{"line":341,"column":6},"end":{"line":341,"column":68}},"143":{"start":{"line":342,"column":6},"end":{"line":342,"column":33}},"144":{"start":{"line":346,"column":4},"end":{"line":346,"column":11885}},"145":{"start":{"line":347,"column":6},"end":{"line":347,"column":36}},"146":{"start":{"line":349,"column":6},"end":{"line":349,"column":52}},"147":{"start":{"line":350,"column":6},"end":{"line":350,"column":39}},"148":{"start":{"line":351,"column":6},"end":{"line":351,"column":73}},"149":{"start":{"line":352,"column":6},"end":{"line":352,"column":94}},"150":{"start":{"line":353,"column":6},"end":{"line":353,"column":35}},"151":{"start":{"line":354,"column":6},"end":{"line":354,"column":56}}},"branchMap":{"1":{"line":63,"type":"if","locations":[{"start":{"line":63,"column":4},"end":{"line":63,"column":4}},{"start":{"line":63,"column":4},"end":{"line":63,"column":4}}]},"2":{"line":70,"type":"if","locations":[{"start":{"line":70,"column":4},"end":{"line":70,"column":4}},{"start":{"line":70,"column":4},"end":{"line":70,"column":4}}]},"3":{"line":71,"type":"if","locations":[{"start":{"line":71,"column":4},"end":{"line":71,"column":4}},{"start":{"line":71,"column":4},"end":{"line":71,"column":4}}]},"4":{"line":98,"type":"if","locations":[{"start":{"line":98,"column":4},"end":{"line":98,"column":4}},{"start":{"line":98,"column":4},"end":{"line":98,"column":4}}]},"5":{"line":123,"type":"if","locations":[{"start":{"line":123,"column":4},"end":{"line":123,"column":4}},{"start":{"line":123,"column":4},"end":{"line":123,"column":4}}]},"6":{"line":134,"type":"if","locations":[{"start":{"line":134,"column":4},"end":{"line":134,"column":4}},{"start":{"line":134,"column":4},"end":{"line":134,"column":4}}]},"7":{"line":144,"type":"if","locations":[{"start":{"line":144,"column":4},"end":{"line":144,"column":4}},{"start":{"line":144,"column":4},"end":{"line":144,"column":4}}]},"8":{"line":145,"type":"if","locations":[{"start":{"line":145,"column":4},"end":{"line":145,"column":4}},{"start":{"line":145,"column":4},"end":{"line":145,"column":4}}]},"9":{"line":148,"type":"if","locations":[{"start":{"line":148,"column":4},"end":{"line":148,"column":4}},{"start":{"line":148,"column":4},"end":{"line":148,"column":4}}]},"10":{"line":156,"type":"if","locations":[{"start":{"line":156,"column":4},"end":{"line":156,"column":4}},{"start":{"line":156,"column":4},"end":{"line":156,"column":4}}]},"11":{"line":161,"type":"if","locations":[{"start":{"line":161,"column":4},"end":{"line":161,"column":4}},{"start":{"line":161,"column":4},"end":{"line":161,"column":4}}]},"12":{"line":167,"type":"if","locations":[{"start":{"line":167,"column":4},"end":{"line":167,"column":4}},{"start":{"line":167,"column":4},"end":{"line":167,"column":4}}]},"13":{"line":186,"type":"if","locations":[{"start":{"line":186,"column":4},"end":{"line":186,"column":4}},{"start":{"line":186,"column":4},"end":{"line":186,"column":4}}]},"14":{"line":198,"type":"if","locations":[{"start":{"line":198,"column":4},"end":{"line":198,"column":4}},{"start":{"line":198,"column":4},"end":{"line":198,"column":4}}]},"15":{"line":199,"type":"if","locations":[{"start":{"line":199,"column":6},"end":{"line":199,"column":6}},{"start":{"line":199,"column":6},"end":{"line":199,"column":6}}]},"16":{"line":213,"type":"if","locations":[{"start":{"line":213,"column":4},"end":{"line":213,"column":4}},{"start":{"line":213,"column":4},"end":{"line":213,"column":4}}]},"17":{"line":215,"type":"if","locations":[{"start":{"line":215,"column":6},"end":{"line":215,"column":6}},{"start":{"line":215,"column":6},"end":{"line":215,"column":6}}]},"18":{"line":227,"type":"if","locations":[{"start":{"line":227,"column":4},"end":{"line":227,"column":4}},{"start":{"line":227,"column":4},"end":{"line":227,"column":4}}]},"19":{"line":240,"type":"if","locations":[{"start":{"line":240,"column":4},"end":{"line":240,"column":4}},{"start":{"line":240,"column":4},"end":{"line":240,"column":4}}]},"20":{"line":244,"type":"if","locations":[{"start":{"line":244,"column":4},"end":{"line":244,"column":4}},{"start":{"line":244,"column":4},"end":{"line":244,"column":4}}]},"21":{"line":265,"type":"if","locations":[{"start":{"line":265,"column":4},"end":{"line":265,"column":4}},{"start":{"line":265,"column":4},"end":{"line":265,"column":4}}]},"22":{"line":266,"type":"if","locations":[{"start":{"line":266,"column":4},"end":{"line":266,"column":4}},{"start":{"line":266,"column":4},"end":{"line":266,"column":4}}]},"23":{"line":268,"type":"if","locations":[{"start":{"line":268,"column":4},"end":{"line":268,"column":4}},{"start":{"line":268,"column":4},"end":{"line":268,"column":4}}]},"24":{"line":279,"type":"if","locations":[{"start":{"line":279,"column":4},"end":{"line":279,"column":4}},{"start":{"line":279,"column":4},"end":{"line":279,"column":4}}]},"25":{"line":290,"type":"if","locations":[{"start":{"line":290,"column":4},"end":{"line":290,"column":4}},{"start":{"line":290,"column":4},"end":{"line":290,"column":4}}]},"26":{"line":292,"type":"if","locations":[{"start":{"line":292,"column":4},"end":{"line":292,"column":4}},{"start":{"line":292,"column":4},"end":{"line":292,"column":4}}]},"27":{"line":296,"type":"if","locations":[{"start":{"line":296,"column":6},"end":{"line":296,"column":6}},{"start":{"line":296,"column":6},"end":{"line":296,"column":6}}]},"28":{"line":299,"type":"if","locations":[{"start":{"line":299,"column":6},"end":{"line":299,"column":6}},{"start":{"line":299,"column":6},"end":{"line":299,"column":6}}]},"29":{"line":305,"type":"if","locations":[{"start":{"line":305,"column":4},"end":{"line":305,"column":4}},{"start":{"line":305,"column":4},"end":{"line":305,"column":4}}]},"30":{"line":309,"type":"if","locations":[{"start":{"line":309,"column":6},"end":{"line":309,"column":6}},{"start":{"line":309,"column":6},"end":{"line":309,"column":6}}]},"31":{"line":311,"type":"if","locations":[{"start":{"line":311,"column":6},"end":{"line":311,"column":6}},{"start":{"line":311,"column":6},"end":{"line":311,"column":6}}]},"32":{"line":327,"type":"if","locations":[{"start":{"line":327,"column":4},"end":{"line":327,"column":4}},{"start":{"line":327,"column":4},"end":{"line":327,"column":4}}]},"33":{"line":335,"type":"if","locations":[{"start":{"line":335,"column":4},"end":{"line":335,"column":4}},{"start":{"line":335,"column":4},"end":{"line":335,"column":4}}]},"34":{"line":346,"type":"if","locations":[{"start":{"line":346,"column":4},"end":{"line":346,"column":4}},{"start":{"line":346,"column":4},"end":{"line":346,"column":4}}]}}},"contracts/VUSD.sol":{"l":{"8":30,"12":15},"path":"/mnt/p/dev/option/rum/contracts/VUSD.sol","s":{"1":30,"2":15},"b":{},"f":{"1":30,"2":15},"fnMap":{"1":{"name":"mint","line":7,"loc":{"start":{"line":7,"column":1},"end":{"line":9,"column":1}}},"2":{"name":"burn","line":11,"loc":{"start":{"line":11,"column":1},"end":{"line":13,"column":1}}}},"statementMap":{"1":{"start":{"line":8,"column":2},"end":{"line":8,"column":23}},"2":{"start":{"line":12,"column":2},"end":{"line":12,"column":23}}},"branchMap":{}}}