TN:
SF:/mnt/p/dev/option/rum/contracts/Migrations.sol
FN:7,constructor
FN:11,restricted
FN:15,setCompleted
FN:19,upgrade
FNF:4
FNH:0
FNDA:0,constructor
FNDA:0,restricted
FNDA:0,setCompleted
FNDA:0,upgrade
DA:8,0
DA:12,0
DA:16,0
DA:20,0
DA:21,0
LF:5
LH:0
BRDA:12,1,0,0
BRDA:12,1,1,0
BRF:2
BRH:0
end_of_record
TN:
SF:/mnt/p/dev/option/rum/contracts/MockERC20.sol
FN:12,constructor
FNF:1
FNH:1
FNDA:45,constructor
DA:13,45
LF:1
LH:1
BRF:0
BRH:0
end_of_record
TN:
SF:/mnt/p/dev/option/rum/contracts/Monoswap.sol
FN:63,lock
FN:70,lockToken
FN:82,ensure
FN:87,constructor
FN:91,setFeeTo
FN:96,mint
FN:101,burn
FN:106,_createPool
FN:125,addOfficialToken
FN:129,_mintFee
FN:139,getPool
FN:149,listNewToken
FN:158,addLiquidityPair
FN:197,addLiquidity
FN:202,_syncPoolInfo
FN:215,_removeLiquidity
FN:245,removeLiquidity
FN:270,_getNewPrice
FN:281,getAmountOut
FN:315,getAmountIn
FN:358,swapExactTokenForToken
FN:370,swapTokenForExactToken
FN:375,vusdBalanceAdd
FN:391,vusdBalanceSub
FN:407,_updateVusdBalance
FN:440,_updateTokenInfo
FN:451,swapOut
FN:492,swapIn
FNF:28
FNH:28
FNDA:166,lock
FNDA:269,lockToken
FNDA:78,ensure
FNDA:15,constructor
FNDA:15,setFeeTo
FNDA:191,mint
FNDA:15,burn
FNDA:166,_createPool
FNDA:150,addOfficialToken
FNDA:191,_mintFee
FNDA:191,getPool
FNDA:16,listNewToken
FNDA:176,addLiquidityPair
FNDA:160,addLiquidity
FNDA:191,_syncPoolInfo
FNDA:15,_removeLiquidity
FNDA:15,removeLiquidity
FNDA:126,_getNewPrice
FNDA:47,getAmountOut
FNDA:31,getAmountIn
FNDA:47,swapExactTokenForToken
FNDA:31,swapTokenForExactToken
FNDA:63,vusdBalanceAdd
FNDA:78,vusdBalanceSub
FNDA:317,_updateVusdBalance
FNDA:126,_updateTokenInfo
FNDA:31,swapOut
FNDA:47,swapIn
DA:64,166
DA:65,166
DA:66,166
DA:67,166
DA:71,269
DA:72,269
DA:73,269
DA:74,269
DA:76,269
DA:77,269
DA:78,269
DA:83,78
DA:84,78
DA:88,15
DA:92,15
DA:97,191
DA:98,191
DA:102,15
DA:103,15
DA:107,166
DA:108,166
DA:109,166
DA:110,166
DA:121,166
DA:122,166
DA:126,150
DA:130,191
DA:131,191
DA:132,15
DA:133,15
DA:134,15
DA:141,191
DA:142,191
DA:143,191
DA:144,191
DA:146,191
DA:153,16
DA:154,16
DA:162,176
DA:164,176
DA:171,176
DA:172,176
DA:177,176
DA:178,176
DA:179,176
DA:180,176
DA:181,0
DA:184,176
DA:186,176
DA:187,176
DA:189,0
DA:192,176
DA:193,176
DA:198,160
DA:204,191
DA:205,191
DA:207,191
DA:208,191
DA:210,191
DA:211,191
DA:212,191
DA:219,15
DA:220,15
DA:221,15
DA:222,15
DA:223,15
DA:224,15
DA:225,15
DA:226,15
DA:227,15
DA:229,15
DA:230,0
DA:233,15
DA:234,0
DA:238,15
DA:240,15
DA:248,15
DA:249,15
DA:250,15
DA:251,15
DA:252,15
DA:254,15
DA:255,15
DA:256,15
DA:258,15
DA:259,15
DA:262,15
DA:264,15
DA:266,15
DA:272,126
DA:274,63
DA:276,63
DA:284,47
DA:286,47
DA:288,47
DA:289,0
DA:290,0
DA:292,47
DA:293,47
DA:295,47
DA:297,47
DA:298,47
DA:301,47
DA:302,15
DA:303,15
DA:305,32
DA:306,32
DA:307,32
DA:308,32
DA:309,32
DA:311,32
DA:318,31
DA:320,31
DA:322,31
DA:323,0
DA:324,0
DA:326,31
DA:327,31
DA:328,31
DA:329,31
DA:332,31
DA:335,31
DA:336,15
DA:337,15
DA:339,16
DA:340,16
DA:342,16
DA:344,16
DA:345,16
DA:347,16
DA:359,47
DA:360,24
DA:371,31
DA:372,15
DA:377,63
DA:378,15
DA:379,0
DA:380,0
DA:382,15
DA:383,15
DA:386,48
DA:387,48
DA:393,78
DA:394,15
DA:395,0
DA:396,0
DA:398,15
DA:399,15
DA:402,63
DA:403,63
DA:409,317
DA:410,63
DA:411,63
DA:413,254
DA:414,254
DA:417,317
DA:419,317
DA:420,78
DA:422,78
DA:423,78
DA:426,317
DA:427,63
DA:429,63
DA:430,63
DA:433,317
DA:435,32
DA:443,126
DA:444,126
DA:446,126
DA:453,31
DA:454,31
DA:455,31
DA:456,31
DA:458,31
DA:459,0
DA:461,31
DA:462,31
DA:463,31
DA:464,31
DA:467,31
DA:469,31
DA:472,31
DA:473,15
DA:475,15
DA:477,16
DA:481,31
DA:482,0
DA:484,0
DA:486,31
DA:487,31
DA:493,47
DA:494,0
DA:496,47
DA:497,47
DA:498,47
DA:499,47
DA:502,47
DA:504,47
DA:505,47
DA:506,47
DA:507,47
DA:509,47
DA:512,47
DA:513,0
DA:515,0
DA:517,47
DA:521,47
DA:522,15
DA:524,32
DA:525,32
LF:210
LH:192
BRDA:64,1,0,166
BRDA:64,1,1,0
BRDA:72,2,0,269
BRDA:72,2,1,0
BRDA:73,3,0,269
BRDA:73,3,1,0
BRDA:77,4,0,269
BRDA:77,4,1,0
BRDA:83,5,0,78
BRDA:83,5,1,0
BRDA:107,6,0,166
BRDA:107,6,1,0
BRDA:108,7,0,166
BRDA:108,7,1,0
BRDA:131,8,0,15
BRDA:131,8,1,176
BRDA:162,9,0,176
BRDA:162,9,1,0
BRDA:164,10,0,176
BRDA:164,10,1,0
BRDA:180,11,0,0
BRDA:180,11,1,176
BRDA:186,12,0,176
BRDA:186,12,1,0
BRDA:219,13,0,15
BRDA:219,13,1,0
BRDA:229,14,0,0
BRDA:229,14,1,15
BRDA:233,15,0,0
BRDA:233,15,1,15
BRDA:248,16,0,15
BRDA:248,16,1,0
BRDA:255,17,0,15
BRDA:255,17,1,0
BRDA:256,18,0,15
BRDA:256,18,1,0
BRDA:258,19,0,15
BRDA:258,19,1,0
BRDA:272,20,0,63
BRDA:272,20,1,63
BRDA:284,21,0,47
BRDA:284,21,1,0
BRDA:288,22,0,0
BRDA:288,22,1,47
BRDA:292,23,0,47
BRDA:292,23,1,0
BRDA:295,24,0,47
BRDA:295,24,1,0
BRDA:301,25,0,15
BRDA:301,25,1,32
BRDA:305,26,0,32
BRDA:305,26,1,0
BRDA:307,27,0,32
BRDA:307,27,1,0
BRDA:318,28,0,31
BRDA:318,28,1,0
BRDA:322,29,0,0
BRDA:322,29,1,31
BRDA:326,30,0,31
BRDA:326,30,1,0
BRDA:328,31,0,31
BRDA:328,31,1,0
BRDA:335,32,0,15
BRDA:335,32,1,16
BRDA:339,33,0,16
BRDA:339,33,1,0
BRDA:342,34,0,16
BRDA:342,34,1,0
BRDA:360,35,0,24
BRDA:360,35,1,0
BRDA:372,36,0,15
BRDA:372,36,1,0
BRDA:377,37,0,15
BRDA:377,37,1,48
BRDA:378,38,0,0
BRDA:378,38,1,15
BRDA:393,39,0,15
BRDA:393,39,1,63
BRDA:394,40,0,0
BRDA:394,40,1,15
BRDA:409,41,0,63
BRDA:409,41,1,254
BRDA:419,42,0,78
BRDA:419,42,1,239
BRDA:426,43,0,63
BRDA:426,43,1,254
BRDA:433,44,0,32
BRDA:433,44,1,285
BRDA:435,45,0,32
BRDA:435,45,1,0
BRDA:458,46,0,0
BRDA:458,46,1,31
BRDA:464,47,0,31
BRDA:464,47,1,0
BRDA:472,48,0,15
BRDA:472,48,1,16
BRDA:481,49,0,0
BRDA:481,49,1,31
BRDA:493,50,0,0
BRDA:493,50,1,47
BRDA:512,51,0,0
BRDA:512,51,1,47
BRDA:521,52,0,15
BRDA:521,52,1,32
BRF:104
BRH:64
end_of_record
TN:
SF:/mnt/p/dev/option/rum/contracts/RumPool.sol
FN:62,lock
FN:69,lockPool
FN:78,constructor
FN:82,setFeeTo
FN:87,mint
FN:92,burn
FN:97,_addToken
FN:116,addOfficialToken
FN:120,_mintFee
FN:132,getPool
FN:143,addLiquidityPair
FN:178,addLiquidity
FN:183,_syncPoolInfo
FN:225,_removeLiquidity
FN:256,removeLiquidity
FN:278,newPrice
FN:288,swapQuote
FN:319,swap
FNF:18
FNH:0
FNDA:0,lock
FNDA:0,lockPool
FNDA:0,constructor
FNDA:0,setFeeTo
FNDA:0,mint
FNDA:0,burn
FNDA:0,_addToken
FNDA:0,addOfficialToken
FNDA:0,_mintFee
FNDA:0,getPool
FNDA:0,addLiquidityPair
FNDA:0,addLiquidity
FNDA:0,_syncPoolInfo
FNDA:0,_removeLiquidity
FNDA:0,removeLiquidity
FNDA:0,newPrice
FNDA:0,swapQuote
FNDA:0,swap
DA:63,0
DA:64,0
DA:65,0
DA:66,0
DA:70,0
DA:71,0
DA:72,0
DA:73,0
DA:74,0
DA:79,0
DA:83,0
DA:88,0
DA:89,0
DA:93,0
DA:94,0
DA:98,0
DA:99,0
DA:100,0
DA:113,0
DA:117,0
DA:121,0
DA:122,0
DA:123,0
DA:124,0
DA:125,0
DA:126,0
DA:134,0
DA:135,0
DA:136,0
DA:137,0
DA:138,0
DA:140,0
DA:144,0
DA:145,0
DA:147,0
DA:148,0
DA:150,0
DA:151,0
DA:153,0
DA:154,0
DA:156,0
DA:158,0
DA:159,0
DA:160,0
DA:161,0
DA:162,0
DA:165,0
DA:167,0
DA:168,0
DA:170,0
DA:173,0
DA:174,0
DA:179,0
DA:185,0
DA:186,0
DA:187,0
DA:188,0
DA:189,0
DA:191,0
DA:192,0
DA:193,0
DA:196,0
DA:197,0
DA:198,0
DA:199,0
DA:201,0
DA:202,0
DA:205,0
DA:206,0
DA:208,0
DA:209,0
DA:213,0
DA:215,0
DA:217,0
DA:220,0
DA:221,0
DA:222,0
DA:227,0
DA:228,0
DA:229,0
DA:230,0
DA:231,0
DA:232,0
DA:233,0
DA:234,0
DA:235,0
DA:237,0
DA:238,0
DA:240,0
DA:241,0
DA:244,0
DA:245,0
DA:249,0
DA:251,0
DA:257,0
DA:258,0
DA:259,0
DA:260,0
DA:262,0
DA:264,0
DA:265,0
DA:266,0
DA:267,0
DA:268,0
DA:269,0
DA:272,0
DA:274,0
DA:279,0
DA:281,0
DA:283,0
DA:290,0
DA:291,0
DA:292,0
DA:293,0
DA:294,0
DA:296,0
DA:297,0
DA:299,0
DA:301,0
DA:302,0
DA:305,0
DA:306,0
DA:307,0
DA:309,0
DA:310,0
DA:311,0
DA:312,0
DA:313,0
DA:315,0
DA:320,0
DA:321,0
DA:323,0
DA:324,0
DA:325,0
DA:327,0
DA:329,0
DA:330,0
DA:331,0
DA:334,0
DA:335,0
DA:336,0
DA:338,0
DA:339,0
DA:340,0
DA:341,0
DA:342,0
DA:346,0
DA:347,0
DA:349,0
DA:350,0
DA:351,0
DA:352,0
DA:353,0
DA:354,0
LF:154
LH:0
BRDA:63,1,0,0
BRDA:63,1,1,0
BRDA:70,2,0,0
BRDA:70,2,1,0
BRDA:71,3,0,0
BRDA:71,3,1,0
BRDA:98,4,0,0
BRDA:98,4,1,0
BRDA:123,5,0,0
BRDA:123,5,1,0
BRDA:134,6,0,0
BRDA:134,6,1,0
BRDA:144,7,0,0
BRDA:144,7,1,0
BRDA:145,8,0,0
BRDA:145,8,1,0
BRDA:148,9,0,0
BRDA:148,9,1,0
BRDA:156,10,0,0
BRDA:156,10,1,0
BRDA:161,11,0,0
BRDA:161,11,1,0
BRDA:167,12,0,0
BRDA:167,12,1,0
BRDA:186,13,0,0
BRDA:186,13,1,0
BRDA:198,14,0,0
BRDA:198,14,1,0
BRDA:199,15,0,0
BRDA:199,15,1,0
BRDA:213,16,0,0
BRDA:213,16,1,0
BRDA:215,17,0,0
BRDA:215,17,1,0
BRDA:227,18,0,0
BRDA:227,18,1,0
BRDA:240,19,0,0
BRDA:240,19,1,0
BRDA:244,20,0,0
BRDA:244,20,1,0
BRDA:265,21,0,0
BRDA:265,21,1,0
BRDA:266,22,0,0
BRDA:266,22,1,0
BRDA:268,23,0,0
BRDA:268,23,1,0
BRDA:279,24,0,0
BRDA:279,24,1,0
BRDA:290,25,0,0
BRDA:290,25,1,0
BRDA:292,26,0,0
BRDA:292,26,1,0
BRDA:296,27,0,0
BRDA:296,27,1,0
BRDA:299,28,0,0
BRDA:299,28,1,0
BRDA:305,29,0,0
BRDA:305,29,1,0
BRDA:309,30,0,0
BRDA:309,30,1,0
BRDA:311,31,0,0
BRDA:311,31,1,0
BRDA:327,32,0,0
BRDA:327,32,1,0
BRDA:335,33,0,0
BRDA:335,33,1,0
BRDA:346,34,0,0
BRDA:346,34,1,0
BRF:68
BRH:0
end_of_record
TN:
SF:/mnt/p/dev/option/rum/contracts/VUSD.sol
FN:7,mint
FN:11,burn
FNF:2
FNH:2
FNDA:30,mint
FNDA:15,burn
DA:8,30
DA:12,15
LF:2
LH:2
BRF:0
BRH:0
end_of_record
